mode: set
github.com/poyrazK/cloudDNS/internal/dns/master/parser.go:18.38,22.2 1 1
github.com/poyrazK/cloudDNS/internal/dns/master/parser.go:29.62,38.21 7 1
github.com/poyrazK/cloudDNS/internal/dns/master/parser.go:38.21,41.52 2 1
github.com/poyrazK/cloudDNS/internal/dns/master/parser.go:41.52,43.4 1 1
github.com/poyrazK/cloudDNS/internal/dns/master/parser.go:45.3,45.15 1 1
github.com/poyrazK/cloudDNS/internal/dns/master/parser.go:45.15,47.21 2 1
github.com/poyrazK/cloudDNS/internal/dns/master/parser.go:47.21,47.31 1 1
github.com/poyrazK/cloudDNS/internal/dns/master/parser.go:49.4,51.35 2 1
github.com/poyrazK/cloudDNS/internal/dns/master/parser.go:51.35,54.37 3 1
github.com/poyrazK/cloudDNS/internal/dns/master/parser.go:54.37,55.14 1 1
github.com/poyrazK/cloudDNS/internal/dns/master/parser.go:58.9,60.36 2 1
github.com/poyrazK/cloudDNS/internal/dns/master/parser.go:60.36,61.13 1 1
github.com/poyrazK/cloudDNS/internal/dns/master/parser.go:63.4,63.19 1 1
github.com/poyrazK/cloudDNS/internal/dns/master/parser.go:66.3,67.26 2 1
github.com/poyrazK/cloudDNS/internal/dns/master/parser.go:67.26,71.4 3 1
github.com/poyrazK/cloudDNS/internal/dns/master/parser.go:71.9,73.4 1 1
github.com/poyrazK/cloudDNS/internal/dns/master/parser.go:75.3,76.24 2 1
github.com/poyrazK/cloudDNS/internal/dns/master/parser.go:76.24,76.34 1 0
github.com/poyrazK/cloudDNS/internal/dns/master/parser.go:78.3,78.42 1 1
github.com/poyrazK/cloudDNS/internal/dns/master/parser.go:78.42,80.22 2 1
github.com/poyrazK/cloudDNS/internal/dns/master/parser.go:80.22,80.32 1 0
github.com/poyrazK/cloudDNS/internal/dns/master/parser.go:81.4,81.37 1 1
github.com/poyrazK/cloudDNS/internal/dns/master/parser.go:82.19,84.42 2 1
github.com/poyrazK/cloudDNS/internal/dns/master/parser.go:84.42,84.61 1 0
github.com/poyrazK/cloudDNS/internal/dns/master/parser.go:85.5,85.30 1 1
github.com/poyrazK/cloudDNS/internal/dns/master/parser.go:86.16,88.23 2 1
github.com/poyrazK/cloudDNS/internal/dns/master/parser.go:90.4,90.12 1 1
github.com/poyrazK/cloudDNS/internal/dns/master/parser.go:93.3,94.23 2 1
github.com/poyrazK/cloudDNS/internal/dns/master/parser.go:94.23,94.33 1 0
github.com/poyrazK/cloudDNS/internal/dns/master/parser.go:96.3,97.25 2 1
github.com/poyrazK/cloudDNS/internal/dns/master/parser.go:97.25,99.4 1 1
github.com/poyrazK/cloudDNS/internal/dns/master/parser.go:99.9,102.19 3 1
github.com/poyrazK/cloudDNS/internal/dns/master/parser.go:102.19,104.5 1 1
github.com/poyrazK/cloudDNS/internal/dns/master/parser.go:104.10,104.62 1 1
github.com/poyrazK/cloudDNS/internal/dns/master/parser.go:104.62,106.5 1 1
github.com/poyrazK/cloudDNS/internal/dns/master/parser.go:107.4,107.19 1 1
github.com/poyrazK/cloudDNS/internal/dns/master/parser.go:110.3,114.36 4 1
github.com/poyrazK/cloudDNS/internal/dns/master/parser.go:114.36,117.47 3 1
github.com/poyrazK/cloudDNS/internal/dns/master/parser.go:117.47,119.13 2 1
github.com/poyrazK/cloudDNS/internal/dns/master/parser.go:121.4,121.72 1 1
github.com/poyrazK/cloudDNS/internal/dns/master/parser.go:121.72,122.13 1 1
github.com/poyrazK/cloudDNS/internal/dns/master/parser.go:124.4,126.9 3 1
github.com/poyrazK/cloudDNS/internal/dns/master/parser.go:129.3,129.32 1 1
github.com/poyrazK/cloudDNS/internal/dns/master/parser.go:129.32,129.42 1 0
github.com/poyrazK/cloudDNS/internal/dns/master/parser.go:131.3,136.5 1 1
github.com/poyrazK/cloudDNS/internal/dns/master/parser.go:139.2,139.28 1 1
github.com/poyrazK/cloudDNS/internal/dns/master/parser.go:143.47,150.23 5 0
github.com/poyrazK/cloudDNS/internal/dns/master/parser.go:150.23,151.30 1 0
github.com/poyrazK/cloudDNS/internal/dns/master/parser.go:151.30,151.43 1 0
github.com/poyrazK/cloudDNS/internal/dns/master/parser.go:152.3,152.30 1 0
github.com/poyrazK/cloudDNS/internal/dns/master/parser.go:152.30,152.42 1 0
github.com/poyrazK/cloudDNS/internal/dns/master/parser.go:153.3,154.6 2 0
github.com/poyrazK/cloudDNS/internal/dns/master/parser.go:157.2,157.33 1 0
github.com/poyrazK/cloudDNS/internal/dns/master/parser.go:157.33,157.46 1 0
github.com/poyrazK/cloudDNS/internal/dns/master/parser.go:158.2,158.33 1 0
github.com/poyrazK/cloudDNS/internal/dns/master/parser.go:158.33,158.45 1 0
github.com/poyrazK/cloudDNS/internal/dns/master/parser.go:159.2,159.10 1 0
github.com/poyrazK/cloudDNS/internal/dns/master/parser.go:162.54,163.42 1 0
github.com/poyrazK/cloudDNS/internal/dns/master/parser.go:163.42,165.15 2 0
github.com/poyrazK/cloudDNS/internal/dns/master/parser.go:165.15,167.4 1 0
github.com/poyrazK/cloudDNS/internal/dns/master/parser.go:168.3,168.17 1 0
