mode: set
github.com/poyrazK/cloudDNS/internal/dns/packet/buffer.go:24.26,30.3 1 1
github.com/poyrazK/cloudDNS/internal/dns/packet/buffer.go:34.36,38.2 3 1
github.com/poyrazK/cloudDNS/internal/dns/packet/buffer.go:41.37,43.2 1 1
github.com/poyrazK/cloudDNS/internal/dns/packet/buffer.go:46.36,50.20 4 1
github.com/poyrazK/cloudDNS/internal/dns/packet/buffer.go:50.20,52.3 1 1
github.com/poyrazK/cloudDNS/internal/dns/packet/buffer.go:52.8,54.3 1 1
github.com/poyrazK/cloudDNS/internal/dns/packet/buffer.go:55.2,55.20 1 1
github.com/poyrazK/cloudDNS/internal/dns/packet/buffer.go:59.46,66.2 1 1
github.com/poyrazK/cloudDNS/internal/dns/packet/buffer.go:69.46,74.20 5 1
github.com/poyrazK/cloudDNS/internal/dns/packet/buffer.go:74.20,76.3 1 0
github.com/poyrazK/cloudDNS/internal/dns/packet/buffer.go:76.8,78.3 1 1
github.com/poyrazK/cloudDNS/internal/dns/packet/buffer.go:82.43,84.2 1 1
github.com/poyrazK/cloudDNS/internal/dns/packet/buffer.go:87.50,88.71 1 1
github.com/poyrazK/cloudDNS/internal/dns/packet/buffer.go:88.71,90.3 1 0
github.com/poyrazK/cloudDNS/internal/dns/packet/buffer.go:91.2,92.33 2 1
github.com/poyrazK/cloudDNS/internal/dns/packet/buffer.go:92.33,94.3 1 1
github.com/poyrazK/cloudDNS/internal/dns/packet/buffer.go:95.2,95.12 1 1
github.com/poyrazK/cloudDNS/internal/dns/packet/buffer.go:99.48,100.55 1 1
github.com/poyrazK/cloudDNS/internal/dns/packet/buffer.go:100.55,102.3 1 1
github.com/poyrazK/cloudDNS/internal/dns/packet/buffer.go:103.2,104.33 2 1
github.com/poyrazK/cloudDNS/internal/dns/packet/buffer.go:104.33,106.3 1 0
github.com/poyrazK/cloudDNS/internal/dns/packet/buffer.go:107.2,107.12 1 1
github.com/poyrazK/cloudDNS/internal/dns/packet/buffer.go:111.49,112.20 1 1
github.com/poyrazK/cloudDNS/internal/dns/packet/buffer.go:112.20,114.3 1 1
github.com/poyrazK/cloudDNS/internal/dns/packet/buffer.go:115.2,117.17 3 1
github.com/poyrazK/cloudDNS/internal/dns/packet/buffer.go:121.77,122.26 1 1
github.com/poyrazK/cloudDNS/internal/dns/packet/buffer.go:122.26,124.3 1 1
github.com/poyrazK/cloudDNS/internal/dns/packet/buffer.go:125.2,127.17 3 1
github.com/poyrazK/cloudDNS/internal/dns/packet/buffer.go:131.54,132.21 1 1
github.com/poyrazK/cloudDNS/internal/dns/packet/buffer.go:132.21,134.3 1 1
github.com/poyrazK/cloudDNS/internal/dns/packet/buffer.go:135.2,138.40 4 1
github.com/poyrazK/cloudDNS/internal/dns/packet/buffer.go:142.54,143.21 1 1
github.com/poyrazK/cloudDNS/internal/dns/packet/buffer.go:143.21,145.3 1 1
github.com/poyrazK/cloudDNS/internal/dns/packet/buffer.go:146.2,151.74 6 1
github.com/poyrazK/cloudDNS/internal/dns/packet/buffer.go:155.55,163.6 6 1
github.com/poyrazK/cloudDNS/internal/dns/packet/buffer.go:163.6,164.32 1 1
github.com/poyrazK/cloudDNS/internal/dns/packet/buffer.go:164.32,166.4 1 1
github.com/poyrazK/cloudDNS/internal/dns/packet/buffer.go:168.3,169.17 2 1
github.com/poyrazK/cloudDNS/internal/dns/packet/buffer.go:169.17,171.4 1 1
github.com/poyrazK/cloudDNS/internal/dns/packet/buffer.go:174.3,174.19 1 1
github.com/poyrazK/cloudDNS/internal/dns/packet/buffer.go:174.19,176.15 2 1
github.com/poyrazK/cloudDNS/internal/dns/packet/buffer.go:176.15,177.39 1 1
github.com/poyrazK/cloudDNS/internal/dns/packet/buffer.go:177.39,179.6 1 0
github.com/poyrazK/cloudDNS/internal/dns/packet/buffer.go:181.4,182.17 2 1
github.com/poyrazK/cloudDNS/internal/dns/packet/buffer.go:182.17,184.5 1 1
github.com/poyrazK/cloudDNS/internal/dns/packet/buffer.go:185.4,185.19 1 1
github.com/poyrazK/cloudDNS/internal/dns/packet/buffer.go:189.3,189.31 1 1
github.com/poyrazK/cloudDNS/internal/dns/packet/buffer.go:189.31,190.15 1 1
github.com/poyrazK/cloudDNS/internal/dns/packet/buffer.go:190.15,191.43 1 1
github.com/poyrazK/cloudDNS/internal/dns/packet/buffer.go:191.43,193.6 1 0
github.com/poyrazK/cloudDNS/internal/dns/packet/buffer.go:195.4,196.18 2 1
github.com/poyrazK/cloudDNS/internal/dns/packet/buffer.go:196.18,198.5 1 0
github.com/poyrazK/cloudDNS/internal/dns/packet/buffer.go:199.4,203.12 5 1
github.com/poyrazK/cloudDNS/internal/dns/packet/buffer.go:207.3,210.25 3 1
github.com/poyrazK/cloudDNS/internal/dns/packet/buffer.go:210.25,212.4 1 1
github.com/poyrazK/cloudDNS/internal/dns/packet/buffer.go:213.3,214.30 2 1
github.com/poyrazK/cloudDNS/internal/dns/packet/buffer.go:214.30,215.34 1 1
github.com/poyrazK/cloudDNS/internal/dns/packet/buffer.go:215.34,217.5 1 0
github.com/poyrazK/cloudDNS/internal/dns/packet/buffer.go:217.10,219.5 1 1
github.com/poyrazK/cloudDNS/internal/dns/packet/buffer.go:221.3,222.16 2 1
github.com/poyrazK/cloudDNS/internal/dns/packet/buffer.go:227.55,228.18 1 1
github.com/poyrazK/cloudDNS/internal/dns/packet/buffer.go:228.18,230.3 1 1
github.com/poyrazK/cloudDNS/internal/dns/packet/buffer.go:231.2,231.24 1 1
github.com/poyrazK/cloudDNS/internal/dns/packet/buffer.go:235.76,236.26 1 1
github.com/poyrazK/cloudDNS/internal/dns/packet/buffer.go:236.26,238.3 1 1
github.com/poyrazK/cloudDNS/internal/dns/packet/buffer.go:239.2,239.41 1 1
github.com/poyrazK/cloudDNS/internal/dns/packet/buffer.go:243.50,244.28 1 1
github.com/poyrazK/cloudDNS/internal/dns/packet/buffer.go:244.28,246.3 1 1
github.com/poyrazK/cloudDNS/internal/dns/packet/buffer.go:247.2,249.19 3 1
github.com/poyrazK/cloudDNS/internal/dns/packet/buffer.go:249.19,251.3 1 1
github.com/poyrazK/cloudDNS/internal/dns/packet/buffer.go:252.2,252.12 1 1
github.com/poyrazK/cloudDNS/internal/dns/packet/buffer.go:256.55,257.29 1 1
github.com/poyrazK/cloudDNS/internal/dns/packet/buffer.go:257.29,259.3 1 1
github.com/poyrazK/cloudDNS/internal/dns/packet/buffer.go:260.2,263.19 4 1
github.com/poyrazK/cloudDNS/internal/dns/packet/buffer.go:263.19,265.3 1 1
github.com/poyrazK/cloudDNS/internal/dns/packet/buffer.go:266.2,266.12 1 1
github.com/poyrazK/cloudDNS/internal/dns/packet/buffer.go:270.55,271.29 1 1
github.com/poyrazK/cloudDNS/internal/dns/packet/buffer.go:271.29,273.3 1 1
github.com/poyrazK/cloudDNS/internal/dns/packet/buffer.go:274.2,279.19 6 1
github.com/poyrazK/cloudDNS/internal/dns/packet/buffer.go:279.19,281.3 1 1
github.com/poyrazK/cloudDNS/internal/dns/packet/buffer.go:282.2,282.12 1 1
github.com/poyrazK/cloudDNS/internal/dns/packet/buffer.go:286.57,287.31 1 1
github.com/poyrazK/cloudDNS/internal/dns/packet/buffer.go:287.31,289.3 1 1
github.com/poyrazK/cloudDNS/internal/dns/packet/buffer.go:292.2,292.35 1 1
github.com/poyrazK/cloudDNS/internal/dns/packet/buffer.go:292.35,294.3 1 0
github.com/poyrazK/cloudDNS/internal/dns/packet/buffer.go:296.2,297.6 2 1
github.com/poyrazK/cloudDNS/internal/dns/packet/buffer.go:297.6,298.32 1 1
github.com/poyrazK/cloudDNS/internal/dns/packet/buffer.go:298.32,300.4 1 1
github.com/poyrazK/cloudDNS/internal/dns/packet/buffer.go:302.3,302.17 1 1
github.com/poyrazK/cloudDNS/internal/dns/packet/buffer.go:302.17,304.37 2 1
github.com/poyrazK/cloudDNS/internal/dns/packet/buffer.go:304.37,306.5 1 1
github.com/poyrazK/cloudDNS/internal/dns/packet/buffer.go:307.4,307.22 1 1
github.com/poyrazK/cloudDNS/internal/dns/packet/buffer.go:307.22,309.5 1 1
github.com/poyrazK/cloudDNS/internal/dns/packet/buffer.go:312.3,313.19 2 1
github.com/poyrazK/cloudDNS/internal/dns/packet/buffer.go:313.19,315.4 1 0
github.com/poyrazK/cloudDNS/internal/dns/packet/buffer.go:317.3,318.22 2 1
github.com/poyrazK/cloudDNS/internal/dns/packet/buffer.go:318.22,320.4 1 1
github.com/poyrazK/cloudDNS/internal/dns/packet/buffer.go:321.3,321.21 1 1
github.com/poyrazK/cloudDNS/internal/dns/packet/buffer.go:321.21,322.52 1 1
github.com/poyrazK/cloudDNS/internal/dns/packet/buffer.go:322.52,324.5 1 1
github.com/poyrazK/cloudDNS/internal/dns/packet/buffer.go:325.4,325.36 1 1
github.com/poyrazK/cloudDNS/internal/dns/packet/buffer.go:325.36,326.45 1 1
github.com/poyrazK/cloudDNS/internal/dns/packet/buffer.go:326.45,328.6 1 1
github.com/poyrazK/cloudDNS/internal/dns/packet/buffer.go:331.3,331.25 1 1
github.com/poyrazK/cloudDNS/internal/dns/packet/buffer.go:336.69,337.37 1 1
github.com/poyrazK/cloudDNS/internal/dns/packet/buffer.go:337.37,339.3 1 1
github.com/poyrazK/cloudDNS/internal/dns/packet/buffer.go:340.2,341.29 2 1
github.com/poyrazK/cloudDNS/internal/dns/packet/buffer.go:341.29,343.3 1 1
github.com/poyrazK/cloudDNS/internal/dns/packet/buffer.go:344.2,344.19 1 1
github.com/poyrazK/cloudDNS/internal/dns/packet/buffer.go:344.19,346.3 1 1
github.com/poyrazK/cloudDNS/internal/dns/packet/buffer.go:347.2,347.12 1 1
github.com/poyrazK/cloudDNS/internal/dns/packet/dnssec.go:14.44,15.22 1 1
github.com/poyrazK/cloudDNS/internal/dns/packet/dnssec.go:15.22,17.3 1 1
github.com/poyrazK/cloudDNS/internal/dns/packet/dnssec.go:19.2,20.46 2 1
github.com/poyrazK/cloudDNS/internal/dns/packet/dnssec.go:20.46,20.58 1 0
github.com/poyrazK/cloudDNS/internal/dns/packet/dnssec.go:21.2,21.37 1 1
github.com/poyrazK/cloudDNS/internal/dns/packet/dnssec.go:21.37,21.49 1 0
github.com/poyrazK/cloudDNS/internal/dns/packet/dnssec.go:22.2,22.47 1 1
github.com/poyrazK/cloudDNS/internal/dns/packet/dnssec.go:22.47,22.59 1 0
github.com/poyrazK/cloudDNS/internal/dns/packet/dnssec.go:23.2,23.32 1 1
github.com/poyrazK/cloudDNS/internal/dns/packet/dnssec.go:23.32,24.38 1 1
github.com/poyrazK/cloudDNS/internal/dns/packet/dnssec.go:24.38,24.50 1 0
github.com/poyrazK/cloudDNS/internal/dns/packet/dnssec.go:27.2,29.25 3 1
github.com/poyrazK/cloudDNS/internal/dns/packet/dnssec.go:29.25,30.15 1 1
github.com/poyrazK/cloudDNS/internal/dns/packet/dnssec.go:30.15,32.4 1 1
github.com/poyrazK/cloudDNS/internal/dns/packet/dnssec.go:32.9,34.4 1 1
github.com/poyrazK/cloudDNS/internal/dns/packet/dnssec.go:36.2,37.28 2 1
github.com/poyrazK/cloudDNS/internal/dns/packet/dnssec.go:44.68,45.22 1 1
github.com/poyrazK/cloudDNS/internal/dns/packet/dnssec.go:45.22,47.3 1 1
github.com/poyrazK/cloudDNS/internal/dns/packet/dnssec.go:51.2,52.63 2 1
github.com/poyrazK/cloudDNS/internal/dns/packet/dnssec.go:52.63,52.90 1 0
github.com/poyrazK/cloudDNS/internal/dns/packet/dnssec.go:53.2,53.46 1 1
github.com/poyrazK/cloudDNS/internal/dns/packet/dnssec.go:53.46,53.73 1 0
github.com/poyrazK/cloudDNS/internal/dns/packet/dnssec.go:54.2,54.37 1 1
github.com/poyrazK/cloudDNS/internal/dns/packet/dnssec.go:54.37,54.64 1 0
github.com/poyrazK/cloudDNS/internal/dns/packet/dnssec.go:55.2,55.47 1 1
github.com/poyrazK/cloudDNS/internal/dns/packet/dnssec.go:55.47,55.74 1 0
github.com/poyrazK/cloudDNS/internal/dns/packet/dnssec.go:56.2,56.32 1 1
github.com/poyrazK/cloudDNS/internal/dns/packet/dnssec.go:56.32,57.38 1 1
github.com/poyrazK/cloudDNS/internal/dns/packet/dnssec.go:57.38,57.65 1 0
github.com/poyrazK/cloudDNS/internal/dns/packet/dnssec.go:61.2,62.20 2 1
github.com/poyrazK/cloudDNS/internal/dns/packet/dnssec.go:63.9,65.21 2 1
github.com/poyrazK/cloudDNS/internal/dns/packet/dnssec.go:66.9,68.21 2 1
github.com/poyrazK/cloudDNS/internal/dns/packet/dnssec.go:69.10,71.26 1 1
github.com/poyrazK/cloudDNS/internal/dns/packet/dnssec.go:74.2,83.8 1 1
github.com/poyrazK/cloudDNS/internal/dns/packet/dnssec.go:88.147,89.23 1 1
github.com/poyrazK/cloudDNS/internal/dns/packet/dnssec.go:89.23,91.3 1 1
github.com/poyrazK/cloudDNS/internal/dns/packet/dnssec.go:93.2,109.54 3 1
github.com/poyrazK/cloudDNS/internal/dns/packet/dnssec.go:109.54,109.81 1 0
github.com/poyrazK/cloudDNS/internal/dns/packet/dnssec.go:110.2,110.49 1 1
github.com/poyrazK/cloudDNS/internal/dns/packet/dnssec.go:110.49,110.76 1 0
github.com/poyrazK/cloudDNS/internal/dns/packet/dnssec.go:111.2,111.46 1 1
github.com/poyrazK/cloudDNS/internal/dns/packet/dnssec.go:111.46,111.73 1 0
github.com/poyrazK/cloudDNS/internal/dns/packet/dnssec.go:112.2,112.50 1 1
github.com/poyrazK/cloudDNS/internal/dns/packet/dnssec.go:112.50,112.77 1 0
github.com/poyrazK/cloudDNS/internal/dns/packet/dnssec.go:113.2,113.53 1 1
github.com/poyrazK/cloudDNS/internal/dns/packet/dnssec.go:113.53,113.80 1 0
github.com/poyrazK/cloudDNS/internal/dns/packet/dnssec.go:114.2,114.52 1 1
github.com/poyrazK/cloudDNS/internal/dns/packet/dnssec.go:114.52,114.79 1 0
github.com/poyrazK/cloudDNS/internal/dns/packet/dnssec.go:115.2,115.49 1 1
github.com/poyrazK/cloudDNS/internal/dns/packet/dnssec.go:115.49,115.76 1 0
github.com/poyrazK/cloudDNS/internal/dns/packet/dnssec.go:116.2,116.54 1 1
github.com/poyrazK/cloudDNS/internal/dns/packet/dnssec.go:116.54,116.81 1 0
github.com/poyrazK/cloudDNS/internal/dns/packet/dnssec.go:118.2,118.28 1 1
github.com/poyrazK/cloudDNS/internal/dns/packet/dnssec.go:118.28,119.64 1 1
github.com/poyrazK/cloudDNS/internal/dns/packet/dnssec.go:119.64,119.91 1 1
github.com/poyrazK/cloudDNS/internal/dns/packet/dnssec.go:120.3,120.54 1 1
github.com/poyrazK/cloudDNS/internal/dns/packet/dnssec.go:120.54,120.81 1 0
github.com/poyrazK/cloudDNS/internal/dns/packet/dnssec.go:121.3,121.49 1 1
github.com/poyrazK/cloudDNS/internal/dns/packet/dnssec.go:121.49,121.76 1 0
github.com/poyrazK/cloudDNS/internal/dns/packet/dnssec.go:122.3,122.45 1 1
github.com/poyrazK/cloudDNS/internal/dns/packet/dnssec.go:122.45,122.72 1 0
github.com/poyrazK/cloudDNS/internal/dns/packet/dnssec.go:126.2,131.16 5 1
github.com/poyrazK/cloudDNS/internal/dns/packet/dnssec.go:131.16,133.3 1 0
github.com/poyrazK/cloudDNS/internal/dns/packet/dnssec.go:135.2,142.17 7 1
github.com/poyrazK/cloudDNS/internal/dns/packet/dnssec.go:145.35,147.16 2 1
github.com/poyrazK/cloudDNS/internal/dns/packet/dnssec.go:147.16,147.28 1 0
github.com/poyrazK/cloudDNS/internal/dns/packet/dnssec.go:148.2,148.38 1 1
github.com/poyrazK/cloudDNS/internal/dns/packet/nsec3.go:11.76,14.35 2 1
github.com/poyrazK/cloudDNS/internal/dns/packet/nsec3.go:14.35,16.3 1 1
github.com/poyrazK/cloudDNS/internal/dns/packet/nsec3.go:19.2,21.27 3 1
github.com/poyrazK/cloudDNS/internal/dns/packet/nsec3.go:21.27,24.3 2 1
github.com/poyrazK/cloudDNS/internal/dns/packet/nsec3.go:25.2,34.42 6 1
github.com/poyrazK/cloudDNS/internal/dns/packet/nsec3.go:34.42,40.3 5 1
github.com/poyrazK/cloudDNS/internal/dns/packet/nsec3.go:42.2,42.12 1 1
github.com/poyrazK/cloudDNS/internal/dns/packet/nsec3.go:50.39,55.25 4 1
github.com/poyrazK/cloudDNS/internal/dns/packet/nsec3.go:55.25,58.17 3 1
github.com/poyrazK/cloudDNS/internal/dns/packet/nsec3.go:58.17,61.4 2 1
github.com/poyrazK/cloudDNS/internal/dns/packet/nsec3.go:63.2,63.14 1 1
github.com/poyrazK/cloudDNS/internal/dns/packet/nsec3.go:63.14,65.3 1 1
github.com/poyrazK/cloudDNS/internal/dns/packet/nsec3.go:66.2,66.21 1 1
github.com/poyrazK/cloudDNS/internal/dns/packet/packet.go:113.59,114.11 1 1
github.com/poyrazK/cloudDNS/internal/dns/packet/packet.go:115.20,115.29 1 1
github.com/poyrazK/cloudDNS/internal/dns/packet/packet.go:116.21,116.31 1 1
github.com/poyrazK/cloudDNS/internal/dns/packet/packet.go:117.24,117.37 1 1
github.com/poyrazK/cloudDNS/internal/dns/packet/packet.go:118.22,118.33 1 1
github.com/poyrazK/cloudDNS/internal/dns/packet/packet.go:119.21,119.31 1 1
github.com/poyrazK/cloudDNS/internal/dns/packet/packet.go:120.22,120.33 1 1
github.com/poyrazK/cloudDNS/internal/dns/packet/packet.go:121.23,121.35 1 1
github.com/poyrazK/cloudDNS/internal/dns/packet/packet.go:122.22,122.33 1 1
github.com/poyrazK/cloudDNS/internal/dns/packet/packet.go:123.22,123.33 1 0
github.com/poyrazK/cloudDNS/internal/dns/packet/packet.go:124.10,124.25 1 1
github.com/poyrazK/cloudDNS/internal/dns/packet/packet.go:129.36,130.11 1 1
github.com/poyrazK/cloudDNS/internal/dns/packet/packet.go:131.9,131.20 1 1
github.com/poyrazK/cloudDNS/internal/dns/packet/packet.go:132.10,132.22 1 1
github.com/poyrazK/cloudDNS/internal/dns/packet/packet.go:133.13,133.28 1 1
github.com/poyrazK/cloudDNS/internal/dns/packet/packet.go:134.11,134.24 1 1
github.com/poyrazK/cloudDNS/internal/dns/packet/packet.go:135.10,135.22 1 1
github.com/poyrazK/cloudDNS/internal/dns/packet/packet.go:136.11,136.24 1 1
github.com/poyrazK/cloudDNS/internal/dns/packet/packet.go:137.12,137.26 1 1
github.com/poyrazK/cloudDNS/internal/dns/packet/packet.go:138.11,138.24 1 1
github.com/poyrazK/cloudDNS/internal/dns/packet/packet.go:139.10,139.22 1 1
github.com/poyrazK/cloudDNS/internal/dns/packet/packet.go:140.13,140.28 1 1
github.com/poyrazK/cloudDNS/internal/dns/packet/packet.go:141.12,141.26 1 1
github.com/poyrazK/cloudDNS/internal/dns/packet/packet.go:142.14,142.30 1 1
github.com/poyrazK/cloudDNS/internal/dns/packet/packet.go:143.13,143.28 1 1
github.com/poyrazK/cloudDNS/internal/dns/packet/packet.go:144.18,144.38 1 1
github.com/poyrazK/cloudDNS/internal/dns/packet/packet.go:145.12,145.26 1 1
github.com/poyrazK/cloudDNS/internal/dns/packet/packet.go:146.12,146.26 1 1
github.com/poyrazK/cloudDNS/internal/dns/packet/packet.go:147.11,147.24 1 1
github.com/poyrazK/cloudDNS/internal/dns/packet/packet.go:148.11,148.24 1 1
github.com/poyrazK/cloudDNS/internal/dns/packet/packet.go:149.12,149.26 1 1
github.com/poyrazK/cloudDNS/internal/dns/packet/packet.go:150.11,150.24 1 1
github.com/poyrazK/cloudDNS/internal/dns/packet/packet.go:151.10,151.42 1 1
github.com/poyrazK/cloudDNS/internal/dns/packet/packet.go:219.32,221.2 1 1
github.com/poyrazK/cloudDNS/internal/dns/packet/packet.go:224.58,227.16 3 1
github.com/poyrazK/cloudDNS/internal/dns/packet/packet.go:227.16,227.30 1 1
github.com/poyrazK/cloudDNS/internal/dns/packet/packet.go:229.2,230.16 2 1
github.com/poyrazK/cloudDNS/internal/dns/packet/packet.go:230.16,230.30 1 1
github.com/poyrazK/cloudDNS/internal/dns/packet/packet.go:232.2,248.16 14 1
github.com/poyrazK/cloudDNS/internal/dns/packet/packet.go:248.16,248.30 1 1
github.com/poyrazK/cloudDNS/internal/dns/packet/packet.go:249.2,250.16 2 1
github.com/poyrazK/cloudDNS/internal/dns/packet/packet.go:250.16,250.30 1 0
github.com/poyrazK/cloudDNS/internal/dns/packet/packet.go:251.2,252.16 2 1
github.com/poyrazK/cloudDNS/internal/dns/packet/packet.go:252.16,252.30 1 0
github.com/poyrazK/cloudDNS/internal/dns/packet/packet.go:253.2,254.16 2 1
github.com/poyrazK/cloudDNS/internal/dns/packet/packet.go:254.16,254.30 1 0
github.com/poyrazK/cloudDNS/internal/dns/packet/packet.go:256.2,256.12 1 1
github.com/poyrazK/cloudDNS/internal/dns/packet/packet.go:260.59,261.46 1 1
github.com/poyrazK/cloudDNS/internal/dns/packet/packet.go:261.46,261.60 1 1
github.com/poyrazK/cloudDNS/internal/dns/packet/packet.go:263.2,264.16 2 1
github.com/poyrazK/cloudDNS/internal/dns/packet/packet.go:264.16,264.38 1 1
github.com/poyrazK/cloudDNS/internal/dns/packet/packet.go:265.2,266.27 2 1
github.com/poyrazK/cloudDNS/internal/dns/packet/packet.go:266.27,266.49 1 1
github.com/poyrazK/cloudDNS/internal/dns/packet/packet.go:267.2,267.24 1 1
github.com/poyrazK/cloudDNS/internal/dns/packet/packet.go:267.24,267.45 1 1
github.com/poyrazK/cloudDNS/internal/dns/packet/packet.go:268.2,268.24 1 1
github.com/poyrazK/cloudDNS/internal/dns/packet/packet.go:268.24,268.45 1 1
github.com/poyrazK/cloudDNS/internal/dns/packet/packet.go:269.2,269.26 1 1
github.com/poyrazK/cloudDNS/internal/dns/packet/packet.go:269.26,269.47 1 1
github.com/poyrazK/cloudDNS/internal/dns/packet/packet.go:270.2,270.9 1 1
github.com/poyrazK/cloudDNS/internal/dns/packet/packet.go:270.9,270.30 1 1
github.com/poyrazK/cloudDNS/internal/dns/packet/packet.go:271.2,271.18 1 1
github.com/poyrazK/cloudDNS/internal/dns/packet/packet.go:271.18,271.39 1 1
github.com/poyrazK/cloudDNS/internal/dns/packet/packet.go:272.2,272.24 1 1
github.com/poyrazK/cloudDNS/internal/dns/packet/packet.go:272.24,272.45 1 1
github.com/poyrazK/cloudDNS/internal/dns/packet/packet.go:273.2,275.47 2 1
github.com/poyrazK/cloudDNS/internal/dns/packet/packet.go:275.47,275.61 1 0
github.com/poyrazK/cloudDNS/internal/dns/packet/packet.go:276.2,276.53 1 1
github.com/poyrazK/cloudDNS/internal/dns/packet/packet.go:276.53,276.67 1 0
github.com/poyrazK/cloudDNS/internal/dns/packet/packet.go:277.2,277.51 1 1
github.com/poyrazK/cloudDNS/internal/dns/packet/packet.go:277.51,277.65 1 0
github.com/poyrazK/cloudDNS/internal/dns/packet/packet.go:278.2,278.64 1 1
github.com/poyrazK/cloudDNS/internal/dns/packet/packet.go:278.64,278.78 1 0
github.com/poyrazK/cloudDNS/internal/dns/packet/packet.go:279.2,279.59 1 1
github.com/poyrazK/cloudDNS/internal/dns/packet/packet.go:279.59,279.73 1 0
github.com/poyrazK/cloudDNS/internal/dns/packet/packet.go:281.2,281.12 1 1
github.com/poyrazK/cloudDNS/internal/dns/packet/packet.go:292.64,298.2 1 1
github.com/poyrazK/cloudDNS/internal/dns/packet/packet.go:301.60,304.16 3 1
github.com/poyrazK/cloudDNS/internal/dns/packet/packet.go:304.16,304.30 1 0
github.com/poyrazK/cloudDNS/internal/dns/packet/packet.go:306.2,307.16 2 1
github.com/poyrazK/cloudDNS/internal/dns/packet/packet.go:307.16,307.30 1 0
github.com/poyrazK/cloudDNS/internal/dns/packet/packet.go:308.2,311.16 3 1
github.com/poyrazK/cloudDNS/internal/dns/packet/packet.go:311.16,311.30 1 0
github.com/poyrazK/cloudDNS/internal/dns/packet/packet.go:312.2,314.12 2 1
github.com/poyrazK/cloudDNS/internal/dns/packet/packet.go:318.61,319.49 1 1
github.com/poyrazK/cloudDNS/internal/dns/packet/packet.go:319.49,321.3 1 1
github.com/poyrazK/cloudDNS/internal/dns/packet/packet.go:322.2,322.57 1 1
github.com/poyrazK/cloudDNS/internal/dns/packet/packet.go:322.57,324.3 1 0
github.com/poyrazK/cloudDNS/internal/dns/packet/packet.go:325.2,326.16 2 1
github.com/poyrazK/cloudDNS/internal/dns/packet/packet.go:326.16,328.3 1 1
github.com/poyrazK/cloudDNS/internal/dns/packet/packet.go:329.2,329.47 1 1
github.com/poyrazK/cloudDNS/internal/dns/packet/packet.go:329.47,331.3 1 0
github.com/poyrazK/cloudDNS/internal/dns/packet/packet.go:332.2,332.12 1 1
github.com/poyrazK/cloudDNS/internal/dns/packet/packet.go:408.54,410.16 2 1
github.com/poyrazK/cloudDNS/internal/dns/packet/packet.go:410.16,412.3 1 1
github.com/poyrazK/cloudDNS/internal/dns/packet/packet.go:413.2,413.65 1 1
github.com/poyrazK/cloudDNS/internal/dns/packet/packet.go:417.58,420.16 3 1
github.com/poyrazK/cloudDNS/internal/dns/packet/packet.go:420.16,420.30 1 0
github.com/poyrazK/cloudDNS/internal/dns/packet/packet.go:422.2,423.16 2 1
github.com/poyrazK/cloudDNS/internal/dns/packet/packet.go:423.16,423.30 1 0
github.com/poyrazK/cloudDNS/internal/dns/packet/packet.go:424.2,427.16 3 1
github.com/poyrazK/cloudDNS/internal/dns/packet/packet.go:427.16,427.30 1 0
github.com/poyrazK/cloudDNS/internal/dns/packet/packet.go:429.2,430.16 2 1
github.com/poyrazK/cloudDNS/internal/dns/packet/packet.go:430.16,430.30 1 0
github.com/poyrazK/cloudDNS/internal/dns/packet/packet.go:432.2,433.23 2 1
github.com/poyrazK/cloudDNS/internal/dns/packet/packet.go:433.23,433.44 1 0
github.com/poyrazK/cloudDNS/internal/dns/packet/packet.go:434.2,436.35 2 1
github.com/poyrazK/cloudDNS/internal/dns/packet/packet.go:436.35,438.3 1 1
github.com/poyrazK/cloudDNS/internal/dns/packet/packet.go:440.2,440.16 1 1
github.com/poyrazK/cloudDNS/internal/dns/packet/packet.go:441.9,443.21 2 1
github.com/poyrazK/cloudDNS/internal/dns/packet/packet.go:443.21,443.39 1 1
github.com/poyrazK/cloudDNS/internal/dns/packet/packet.go:444.3,445.48 2 1
github.com/poyrazK/cloudDNS/internal/dns/packet/packet.go:445.48,445.66 1 0
github.com/poyrazK/cloudDNS/internal/dns/packet/packet.go:446.12,448.21 2 1
github.com/poyrazK/cloudDNS/internal/dns/packet/packet.go:448.21,448.39 1 1
github.com/poyrazK/cloudDNS/internal/dns/packet/packet.go:449.3,450.49 2 1
github.com/poyrazK/cloudDNS/internal/dns/packet/packet.go:450.49,450.67 1 0
github.com/poyrazK/cloudDNS/internal/dns/packet/packet.go:451.42,453.17 2 1
github.com/poyrazK/cloudDNS/internal/dns/packet/packet.go:453.17,453.31 1 0
github.com/poyrazK/cloudDNS/internal/dns/packet/packet.go:454.10,455.53 1 1
github.com/poyrazK/cloudDNS/internal/dns/packet/packet.go:455.53,455.67 1 0
github.com/poyrazK/cloudDNS/internal/dns/packet/packet.go:456.3,456.50 1 1
github.com/poyrazK/cloudDNS/internal/dns/packet/packet.go:456.50,456.64 1 1
github.com/poyrazK/cloudDNS/internal/dns/packet/packet.go:457.11,458.53 1 1
github.com/poyrazK/cloudDNS/internal/dns/packet/packet.go:458.53,458.67 1 0
github.com/poyrazK/cloudDNS/internal/dns/packet/packet.go:459.3,459.51 1 1
github.com/poyrazK/cloudDNS/internal/dns/packet/packet.go:459.51,459.65 1 0
github.com/poyrazK/cloudDNS/internal/dns/packet/packet.go:460.3,460.49 1 1
github.com/poyrazK/cloudDNS/internal/dns/packet/packet.go:460.49,460.63 1 0
github.com/poyrazK/cloudDNS/internal/dns/packet/packet.go:461.3,461.50 1 1
github.com/poyrazK/cloudDNS/internal/dns/packet/packet.go:461.50,461.64 1 0
github.com/poyrazK/cloudDNS/internal/dns/packet/packet.go:462.11,464.24 2 1
github.com/poyrazK/cloudDNS/internal/dns/packet/packet.go:464.24,464.45 1 0
github.com/poyrazK/cloudDNS/internal/dns/packet/packet.go:465.3,466.22 2 1
github.com/poyrazK/cloudDNS/internal/dns/packet/packet.go:466.22,466.41 1 1
github.com/poyrazK/cloudDNS/internal/dns/packet/packet.go:467.3,468.58 2 1
github.com/poyrazK/cloudDNS/internal/dns/packet/packet.go:468.58,468.76 1 0
github.com/poyrazK/cloudDNS/internal/dns/packet/packet.go:469.11,470.51 1 1
github.com/poyrazK/cloudDNS/internal/dns/packet/packet.go:470.51,470.65 1 0
github.com/poyrazK/cloudDNS/internal/dns/packet/packet.go:471.3,471.51 1 1
github.com/poyrazK/cloudDNS/internal/dns/packet/packet.go:471.51,471.65 1 1
github.com/poyrazK/cloudDNS/internal/dns/packet/packet.go:472.3,472.51 1 1
github.com/poyrazK/cloudDNS/internal/dns/packet/packet.go:472.51,472.65 1 0
github.com/poyrazK/cloudDNS/internal/dns/packet/packet.go:473.3,473.52 1 1
github.com/poyrazK/cloudDNS/internal/dns/packet/packet.go:473.52,473.66 1 0
github.com/poyrazK/cloudDNS/internal/dns/packet/packet.go:474.3,474.50 1 1
github.com/poyrazK/cloudDNS/internal/dns/packet/packet.go:474.50,474.64 1 0
github.com/poyrazK/cloudDNS/internal/dns/packet/packet.go:475.3,475.51 1 1
github.com/poyrazK/cloudDNS/internal/dns/packet/packet.go:475.51,475.65 1 0
github.com/poyrazK/cloudDNS/internal/dns/packet/packet.go:476.3,476.52 1 1
github.com/poyrazK/cloudDNS/internal/dns/packet/packet.go:476.52,476.66 1 0
github.com/poyrazK/cloudDNS/internal/dns/packet/packet.go:477.13,479.24 2 1
github.com/poyrazK/cloudDNS/internal/dns/packet/packet.go:479.24,479.45 1 0
github.com/poyrazK/cloudDNS/internal/dns/packet/packet.go:480.3,481.22 2 1
github.com/poyrazK/cloudDNS/internal/dns/packet/packet.go:481.22,481.41 1 1
github.com/poyrazK/cloudDNS/internal/dns/packet/packet.go:482.3,483.58 2 1
github.com/poyrazK/cloudDNS/internal/dns/packet/packet.go:483.58,483.76 1 0
github.com/poyrazK/cloudDNS/internal/dns/packet/packet.go:484.3,485.23 2 1
github.com/poyrazK/cloudDNS/internal/dns/packet/packet.go:485.23,485.43 1 0
github.com/poyrazK/cloudDNS/internal/dns/packet/packet.go:486.3,487.23 2 1
github.com/poyrazK/cloudDNS/internal/dns/packet/packet.go:487.23,487.43 1 0
github.com/poyrazK/cloudDNS/internal/dns/packet/packet.go:488.3,489.59 2 1
github.com/poyrazK/cloudDNS/internal/dns/packet/packet.go:489.59,489.78 1 0
github.com/poyrazK/cloudDNS/internal/dns/packet/packet.go:490.13,491.53 1 1
github.com/poyrazK/cloudDNS/internal/dns/packet/packet.go:491.53,491.67 1 0
github.com/poyrazK/cloudDNS/internal/dns/packet/packet.go:492.3,492.53 1 1
github.com/poyrazK/cloudDNS/internal/dns/packet/packet.go:492.53,492.67 1 1
github.com/poyrazK/cloudDNS/internal/dns/packet/packet.go:493.12,494.54 1 1
github.com/poyrazK/cloudDNS/internal/dns/packet/packet.go:494.54,494.68 1 0
github.com/poyrazK/cloudDNS/internal/dns/packet/packet.go:495.3,496.85 2 1
github.com/poyrazK/cloudDNS/internal/dns/packet/packet.go:496.85,496.99 1 1
github.com/poyrazK/cloudDNS/internal/dns/packet/packet.go:497.3,497.56 1 1
github.com/poyrazK/cloudDNS/internal/dns/packet/packet.go:497.56,497.74 1 0
github.com/poyrazK/cloudDNS/internal/dns/packet/packet.go:498.14,499.50 1 1
github.com/poyrazK/cloudDNS/internal/dns/packet/packet.go:499.50,499.64 1 0
github.com/poyrazK/cloudDNS/internal/dns/packet/packet.go:500.3,500.60 1 1
github.com/poyrazK/cloudDNS/internal/dns/packet/packet.go:500.60,500.83 1 0
github.com/poyrazK/cloudDNS/internal/dns/packet/packet.go:501.3,501.51 1 1
github.com/poyrazK/cloudDNS/internal/dns/packet/packet.go:501.51,501.65 1 1
github.com/poyrazK/cloudDNS/internal/dns/packet/packet.go:502.3,503.84 2 1
github.com/poyrazK/cloudDNS/internal/dns/packet/packet.go:503.84,503.98 1 0
github.com/poyrazK/cloudDNS/internal/dns/packet/packet.go:504.3,504.56 1 1
github.com/poyrazK/cloudDNS/internal/dns/packet/packet.go:504.56,504.74 1 0
github.com/poyrazK/cloudDNS/internal/dns/packet/packet.go:505.13,506.56 1 1
github.com/poyrazK/cloudDNS/internal/dns/packet/packet.go:506.56,506.70 1 0
github.com/poyrazK/cloudDNS/internal/dns/packet/packet.go:507.3,507.51 1 1
github.com/poyrazK/cloudDNS/internal/dns/packet/packet.go:507.51,507.65 1 0
github.com/poyrazK/cloudDNS/internal/dns/packet/packet.go:508.3,508.48 1 1
github.com/poyrazK/cloudDNS/internal/dns/packet/packet.go:508.48,508.62 1 1
github.com/poyrazK/cloudDNS/internal/dns/packet/packet.go:509.3,509.52 1 1
github.com/poyrazK/cloudDNS/internal/dns/packet/packet.go:509.52,509.66 1 0
github.com/poyrazK/cloudDNS/internal/dns/packet/packet.go:510.3,510.55 1 1
github.com/poyrazK/cloudDNS/internal/dns/packet/packet.go:510.55,510.69 1 0
github.com/poyrazK/cloudDNS/internal/dns/packet/packet.go:511.3,511.54 1 1
github.com/poyrazK/cloudDNS/internal/dns/packet/packet.go:511.54,511.68 1 0
github.com/poyrazK/cloudDNS/internal/dns/packet/packet.go:512.3,512.51 1 1
github.com/poyrazK/cloudDNS/internal/dns/packet/packet.go:512.51,512.65 1 0
github.com/poyrazK/cloudDNS/internal/dns/packet/packet.go:513.3,513.56 1 1
github.com/poyrazK/cloudDNS/internal/dns/packet/packet.go:513.56,513.70 1 0
github.com/poyrazK/cloudDNS/internal/dns/packet/packet.go:514.3,515.84 2 1
github.com/poyrazK/cloudDNS/internal/dns/packet/packet.go:515.84,515.98 1 0
github.com/poyrazK/cloudDNS/internal/dns/packet/packet.go:516.3,516.56 1 1
github.com/poyrazK/cloudDNS/internal/dns/packet/packet.go:516.56,516.74 1 0
github.com/poyrazK/cloudDNS/internal/dns/packet/packet.go:517.13,518.49 1 1
github.com/poyrazK/cloudDNS/internal/dns/packet/packet.go:518.49,518.63 1 0
github.com/poyrazK/cloudDNS/internal/dns/packet/packet.go:519.3,519.60 1 1
github.com/poyrazK/cloudDNS/internal/dns/packet/packet.go:519.60,519.83 1 0
github.com/poyrazK/cloudDNS/internal/dns/packet/packet.go:520.3,520.55 1 1
github.com/poyrazK/cloudDNS/internal/dns/packet/packet.go:520.55,520.69 1 0
github.com/poyrazK/cloudDNS/internal/dns/packet/packet.go:521.3,522.25 2 1
github.com/poyrazK/cloudDNS/internal/dns/packet/packet.go:522.25,522.47 1 1
github.com/poyrazK/cloudDNS/internal/dns/packet/packet.go:523.3,523.82 1 1
github.com/poyrazK/cloudDNS/internal/dns/packet/packet.go:523.82,523.96 1 0
github.com/poyrazK/cloudDNS/internal/dns/packet/packet.go:524.3,524.59 1 1
github.com/poyrazK/cloudDNS/internal/dns/packet/packet.go:524.59,524.77 1 0
github.com/poyrazK/cloudDNS/internal/dns/packet/packet.go:525.3,526.25 2 1
github.com/poyrazK/cloudDNS/internal/dns/packet/packet.go:526.25,526.47 1 0
github.com/poyrazK/cloudDNS/internal/dns/packet/packet.go:527.3,527.86 1 1
github.com/poyrazK/cloudDNS/internal/dns/packet/packet.go:527.86,527.100 1 0
github.com/poyrazK/cloudDNS/internal/dns/packet/packet.go:528.3,528.61 1 1
github.com/poyrazK/cloudDNS/internal/dns/packet/packet.go:528.61,528.80 1 0
github.com/poyrazK/cloudDNS/internal/dns/packet/packet.go:529.3,530.85 2 1
github.com/poyrazK/cloudDNS/internal/dns/packet/packet.go:530.85,530.99 1 0
github.com/poyrazK/cloudDNS/internal/dns/packet/packet.go:531.3,531.58 1 1
github.com/poyrazK/cloudDNS/internal/dns/packet/packet.go:531.58,531.77 1 0
github.com/poyrazK/cloudDNS/internal/dns/packet/packet.go:532.18,533.49 1 1
github.com/poyrazK/cloudDNS/internal/dns/packet/packet.go:533.49,533.63 1 0
github.com/poyrazK/cloudDNS/internal/dns/packet/packet.go:534.3,534.60 1 1
github.com/poyrazK/cloudDNS/internal/dns/packet/packet.go:534.60,534.83 1 0
github.com/poyrazK/cloudDNS/internal/dns/packet/packet.go:535.3,535.55 1 1
github.com/poyrazK/cloudDNS/internal/dns/packet/packet.go:535.55,535.69 1 0
github.com/poyrazK/cloudDNS/internal/dns/packet/packet.go:536.3,537.25 2 1
github.com/poyrazK/cloudDNS/internal/dns/packet/packet.go:537.25,537.47 1 0
github.com/poyrazK/cloudDNS/internal/dns/packet/packet.go:538.3,538.82 1 1
github.com/poyrazK/cloudDNS/internal/dns/packet/packet.go:538.82,538.96 1 0
github.com/poyrazK/cloudDNS/internal/dns/packet/packet.go:539.3,539.59 1 1
github.com/poyrazK/cloudDNS/internal/dns/packet/packet.go:539.59,539.77 1 0
github.com/poyrazK/cloudDNS/internal/dns/packet/packet.go:540.10,541.51 1 1
github.com/poyrazK/cloudDNS/internal/dns/packet/packet.go:541.51,541.65 1 0
github.com/poyrazK/cloudDNS/internal/dns/packet/packet.go:542.3,542.51 1 1
github.com/poyrazK/cloudDNS/internal/dns/packet/packet.go:542.51,542.65 1 0
github.com/poyrazK/cloudDNS/internal/dns/packet/packet.go:543.3,543.52 1 1
github.com/poyrazK/cloudDNS/internal/dns/packet/packet.go:543.52,543.66 1 1
github.com/poyrazK/cloudDNS/internal/dns/packet/packet.go:544.3,545.81 2 1
github.com/poyrazK/cloudDNS/internal/dns/packet/packet.go:545.81,545.95 1 0
github.com/poyrazK/cloudDNS/internal/dns/packet/packet.go:546.3,546.56 1 1
github.com/poyrazK/cloudDNS/internal/dns/packet/packet.go:546.56,546.74 1 0
github.com/poyrazK/cloudDNS/internal/dns/packet/packet.go:547.12,548.59 1 1
github.com/poyrazK/cloudDNS/internal/dns/packet/packet.go:548.59,548.73 1 0
github.com/poyrazK/cloudDNS/internal/dns/packet/packet.go:549.3,550.25 2 1
github.com/poyrazK/cloudDNS/internal/dns/packet/packet.go:550.25,550.47 1 1
github.com/poyrazK/cloudDNS/internal/dns/packet/packet.go:551.3,552.24 2 1
github.com/poyrazK/cloudDNS/internal/dns/packet/packet.go:552.24,552.45 1 0
github.com/poyrazK/cloudDNS/internal/dns/packet/packet.go:553.3,554.50 2 1
github.com/poyrazK/cloudDNS/internal/dns/packet/packet.go:554.50,554.64 1 0
github.com/poyrazK/cloudDNS/internal/dns/packet/packet.go:555.3,556.24 2 1
github.com/poyrazK/cloudDNS/internal/dns/packet/packet.go:556.24,556.45 1 0
github.com/poyrazK/cloudDNS/internal/dns/packet/packet.go:557.3,557.80 1 1
github.com/poyrazK/cloudDNS/internal/dns/packet/packet.go:557.80,557.94 1 0
github.com/poyrazK/cloudDNS/internal/dns/packet/packet.go:558.3,558.58 1 1
github.com/poyrazK/cloudDNS/internal/dns/packet/packet.go:558.58,558.76 1 0
github.com/poyrazK/cloudDNS/internal/dns/packet/packet.go:559.3,559.55 1 1
github.com/poyrazK/cloudDNS/internal/dns/packet/packet.go:559.55,559.69 1 0
github.com/poyrazK/cloudDNS/internal/dns/packet/packet.go:560.3,560.50 1 1
github.com/poyrazK/cloudDNS/internal/dns/packet/packet.go:560.50,560.64 1 0
github.com/poyrazK/cloudDNS/internal/dns/packet/packet.go:561.3,562.26 2 1
github.com/poyrazK/cloudDNS/internal/dns/packet/packet.go:562.26,562.49 1 0
github.com/poyrazK/cloudDNS/internal/dns/packet/packet.go:563.3,563.84 1 1
github.com/poyrazK/cloudDNS/internal/dns/packet/packet.go:563.84,563.98 1 0
github.com/poyrazK/cloudDNS/internal/dns/packet/packet.go:564.3,564.62 1 1
github.com/poyrazK/cloudDNS/internal/dns/packet/packet.go:564.62,564.81 1 0
github.com/poyrazK/cloudDNS/internal/dns/packet/packet.go:565.11,571.22 6 1
github.com/poyrazK/cloudDNS/internal/dns/packet/packet.go:571.22,573.26 2 1
github.com/poyrazK/cloudDNS/internal/dns/packet/packet.go:573.26,573.48 1 0
github.com/poyrazK/cloudDNS/internal/dns/packet/packet.go:574.4,575.26 2 1
github.com/poyrazK/cloudDNS/internal/dns/packet/packet.go:575.26,575.48 1 0
github.com/poyrazK/cloudDNS/internal/dns/packet/packet.go:576.4,576.33 1 1
github.com/poyrazK/cloudDNS/internal/dns/packet/packet.go:576.33,576.40 1 0
github.com/poyrazK/cloudDNS/internal/dns/packet/packet.go:577.4,578.26 2 1
github.com/poyrazK/cloudDNS/internal/dns/packet/packet.go:578.26,578.48 1 0
github.com/poyrazK/cloudDNS/internal/dns/packet/packet.go:579.4,579.59 1 1
github.com/poyrazK/cloudDNS/internal/dns/packet/packet.go:579.59,579.77 1 0
github.com/poyrazK/cloudDNS/internal/dns/packet/packet.go:580.4,581.34 2 1
github.com/poyrazK/cloudDNS/internal/dns/packet/packet.go:583.10,584.59 1 1
github.com/poyrazK/cloudDNS/internal/dns/packet/packet.go:584.59,584.77 1 0
github.com/poyrazK/cloudDNS/internal/dns/packet/packet.go:586.2,586.12 1 1
github.com/poyrazK/cloudDNS/internal/dns/packet/packet.go:590.66,592.19 2 1
github.com/poyrazK/cloudDNS/internal/dns/packet/packet.go:592.19,593.41 1 1
github.com/poyrazK/cloudDNS/internal/dns/packet/packet.go:593.41,593.58 1 0
github.com/poyrazK/cloudDNS/internal/dns/packet/packet.go:594.3,594.57 1 1
github.com/poyrazK/cloudDNS/internal/dns/packet/packet.go:594.57,594.74 1 1
github.com/poyrazK/cloudDNS/internal/dns/packet/packet.go:595.3,595.59 1 1
github.com/poyrazK/cloudDNS/internal/dns/packet/packet.go:595.59,595.76 1 0
github.com/poyrazK/cloudDNS/internal/dns/packet/packet.go:596.3,597.46 2 1
github.com/poyrazK/cloudDNS/internal/dns/packet/packet.go:597.46,597.63 1 0
github.com/poyrazK/cloudDNS/internal/dns/packet/packet.go:598.3,599.44 2 1
github.com/poyrazK/cloudDNS/internal/dns/packet/packet.go:599.44,599.61 1 0
github.com/poyrazK/cloudDNS/internal/dns/packet/packet.go:600.3,600.33 1 1
github.com/poyrazK/cloudDNS/internal/dns/packet/packet.go:600.33,601.52 1 1
github.com/poyrazK/cloudDNS/internal/dns/packet/packet.go:601.52,601.69 1 0
github.com/poyrazK/cloudDNS/internal/dns/packet/packet.go:602.4,602.65 1 1
github.com/poyrazK/cloudDNS/internal/dns/packet/packet.go:602.65,602.82 1 0
github.com/poyrazK/cloudDNS/internal/dns/packet/packet.go:603.4,603.31 1 1
github.com/poyrazK/cloudDNS/internal/dns/packet/packet.go:603.31,604.43 1 1
github.com/poyrazK/cloudDNS/internal/dns/packet/packet.go:604.43,604.60 1 0
github.com/poyrazK/cloudDNS/internal/dns/packet/packet.go:607.3,608.45 2 1
github.com/poyrazK/cloudDNS/internal/dns/packet/packet.go:608.45,608.62 1 0
github.com/poyrazK/cloudDNS/internal/dns/packet/packet.go:609.3,609.73 1 1
github.com/poyrazK/cloudDNS/internal/dns/packet/packet.go:609.73,609.90 1 0
github.com/poyrazK/cloudDNS/internal/dns/packet/packet.go:610.3,610.46 1 1
github.com/poyrazK/cloudDNS/internal/dns/packet/packet.go:610.46,610.63 1 0
github.com/poyrazK/cloudDNS/internal/dns/packet/packet.go:611.3,611.33 1 1
github.com/poyrazK/cloudDNS/internal/dns/packet/packet.go:614.2,614.20 1 1
github.com/poyrazK/cloudDNS/internal/dns/packet/packet.go:614.20,615.50 1 1
github.com/poyrazK/cloudDNS/internal/dns/packet/packet.go:615.50,615.67 1 1
github.com/poyrazK/cloudDNS/internal/dns/packet/packet.go:616.3,616.57 1 1
github.com/poyrazK/cloudDNS/internal/dns/packet/packet.go:616.57,616.74 1 1
github.com/poyrazK/cloudDNS/internal/dns/packet/packet.go:617.3,617.50 1 1
github.com/poyrazK/cloudDNS/internal/dns/packet/packet.go:617.50,617.67 1 0
github.com/poyrazK/cloudDNS/internal/dns/packet/packet.go:618.3,618.48 1 1
github.com/poyrazK/cloudDNS/internal/dns/packet/packet.go:618.48,618.65 1 0
github.com/poyrazK/cloudDNS/internal/dns/packet/packet.go:619.3,620.44 2 1
github.com/poyrazK/cloudDNS/internal/dns/packet/packet.go:620.44,620.61 1 0
github.com/poyrazK/cloudDNS/internal/dns/packet/packet.go:621.3,621.59 1 1
github.com/poyrazK/cloudDNS/internal/dns/packet/packet.go:621.59,621.76 1 0
github.com/poyrazK/cloudDNS/internal/dns/packet/packet.go:622.3,622.69 1 1
github.com/poyrazK/cloudDNS/internal/dns/packet/packet.go:622.69,622.86 1 0
github.com/poyrazK/cloudDNS/internal/dns/packet/packet.go:623.3,623.76 1 1
github.com/poyrazK/cloudDNS/internal/dns/packet/packet.go:623.76,623.93 1 0
github.com/poyrazK/cloudDNS/internal/dns/packet/packet.go:624.3,624.50 1 1
github.com/poyrazK/cloudDNS/internal/dns/packet/packet.go:624.50,624.67 1 0
github.com/poyrazK/cloudDNS/internal/dns/packet/packet.go:625.3,625.61 1 1
github.com/poyrazK/cloudDNS/internal/dns/packet/packet.go:625.61,625.78 1 0
github.com/poyrazK/cloudDNS/internal/dns/packet/packet.go:626.3,626.27 1 1
github.com/poyrazK/cloudDNS/internal/dns/packet/packet.go:626.27,627.42 1 1
github.com/poyrazK/cloudDNS/internal/dns/packet/packet.go:627.42,627.59 1 0
github.com/poyrazK/cloudDNS/internal/dns/packet/packet.go:629.3,629.55 1 1
github.com/poyrazK/cloudDNS/internal/dns/packet/packet.go:629.55,629.72 1 0
github.com/poyrazK/cloudDNS/internal/dns/packet/packet.go:630.3,630.50 1 1
github.com/poyrazK/cloudDNS/internal/dns/packet/packet.go:630.50,630.67 1 0
github.com/poyrazK/cloudDNS/internal/dns/packet/packet.go:631.3,631.63 1 1
github.com/poyrazK/cloudDNS/internal/dns/packet/packet.go:631.63,631.80 1 0
github.com/poyrazK/cloudDNS/internal/dns/packet/packet.go:632.3,632.29 1 1
github.com/poyrazK/cloudDNS/internal/dns/packet/packet.go:632.29,633.42 1 1
github.com/poyrazK/cloudDNS/internal/dns/packet/packet.go:633.42,633.59 1 0
github.com/poyrazK/cloudDNS/internal/dns/packet/packet.go:635.3,636.45 2 1
github.com/poyrazK/cloudDNS/internal/dns/packet/packet.go:636.45,636.62 1 0
github.com/poyrazK/cloudDNS/internal/dns/packet/packet.go:637.3,637.73 1 1
github.com/poyrazK/cloudDNS/internal/dns/packet/packet.go:637.73,637.90 1 0
github.com/poyrazK/cloudDNS/internal/dns/packet/packet.go:638.3,638.46 1 1
github.com/poyrazK/cloudDNS/internal/dns/packet/packet.go:638.46,638.63 1 0
github.com/poyrazK/cloudDNS/internal/dns/packet/packet.go:639.3,639.33 1 1
github.com/poyrazK/cloudDNS/internal/dns/packet/packet.go:642.2,642.49 1 1
github.com/poyrazK/cloudDNS/internal/dns/packet/packet.go:642.49,642.66 1 1
github.com/poyrazK/cloudDNS/internal/dns/packet/packet.go:643.2,643.56 1 1
github.com/poyrazK/cloudDNS/internal/dns/packet/packet.go:643.56,643.73 1 0
github.com/poyrazK/cloudDNS/internal/dns/packet/packet.go:644.2,644.49 1 1
github.com/poyrazK/cloudDNS/internal/dns/packet/packet.go:644.49,644.66 1 0
github.com/poyrazK/cloudDNS/internal/dns/packet/packet.go:645.2,645.47 1 1
github.com/poyrazK/cloudDNS/internal/dns/packet/packet.go:645.47,645.64 1 0
github.com/poyrazK/cloudDNS/internal/dns/packet/packet.go:650.2,650.20 1 1
github.com/poyrazK/cloudDNS/internal/dns/packet/packet.go:650.20,651.44 1 1
github.com/poyrazK/cloudDNS/internal/dns/packet/packet.go:651.44,651.61 1 0
github.com/poyrazK/cloudDNS/internal/dns/packet/packet.go:652.3,652.43 1 1
github.com/poyrazK/cloudDNS/internal/dns/packet/packet.go:659.2,659.16 1 1
github.com/poyrazK/cloudDNS/internal/dns/packet/packet.go:660.9,661.44 1 1
github.com/poyrazK/cloudDNS/internal/dns/packet/packet.go:661.44,661.61 1 0
github.com/poyrazK/cloudDNS/internal/dns/packet/packet.go:662.3,663.25 2 1
github.com/poyrazK/cloudDNS/internal/dns/packet/packet.go:663.25,664.42 1 1
github.com/poyrazK/cloudDNS/internal/dns/packet/packet.go:664.42,664.59 1 0
github.com/poyrazK/cloudDNS/internal/dns/packet/packet.go:666.12,667.45 1 1
github.com/poyrazK/cloudDNS/internal/dns/packet/packet.go:667.45,667.62 1 0
github.com/poyrazK/cloudDNS/internal/dns/packet/packet.go:668.3,668.33 1 1
github.com/poyrazK/cloudDNS/internal/dns/packet/packet.go:668.33,669.42 1 1
github.com/poyrazK/cloudDNS/internal/dns/packet/packet.go:669.42,669.59 1 0
github.com/poyrazK/cloudDNS/internal/dns/packet/packet.go:671.42,673.44 2 1
github.com/poyrazK/cloudDNS/internal/dns/packet/packet.go:673.44,673.61 1 0
github.com/poyrazK/cloudDNS/internal/dns/packet/packet.go:674.3,674.50 1 1
github.com/poyrazK/cloudDNS/internal/dns/packet/packet.go:674.50,674.67 1 1
github.com/poyrazK/cloudDNS/internal/dns/packet/packet.go:675.3,676.45 2 1
github.com/poyrazK/cloudDNS/internal/dns/packet/packet.go:676.45,676.62 1 0
github.com/poyrazK/cloudDNS/internal/dns/packet/packet.go:677.3,677.73 1 1
github.com/poyrazK/cloudDNS/internal/dns/packet/packet.go:677.73,677.90 1 0
github.com/poyrazK/cloudDNS/internal/dns/packet/packet.go:678.3,678.46 1 1
github.com/poyrazK/cloudDNS/internal/dns/packet/packet.go:678.46,678.63 1 0
github.com/poyrazK/cloudDNS/internal/dns/packet/packet.go:679.10,681.44 2 1
github.com/poyrazK/cloudDNS/internal/dns/packet/packet.go:681.44,681.61 1 0
github.com/poyrazK/cloudDNS/internal/dns/packet/packet.go:682.3,682.53 1 1
github.com/poyrazK/cloudDNS/internal/dns/packet/packet.go:682.53,682.70 1 0
github.com/poyrazK/cloudDNS/internal/dns/packet/packet.go:683.3,683.50 1 1
github.com/poyrazK/cloudDNS/internal/dns/packet/packet.go:683.50,683.67 1 0
github.com/poyrazK/cloudDNS/internal/dns/packet/packet.go:684.3,685.45 2 1
github.com/poyrazK/cloudDNS/internal/dns/packet/packet.go:685.45,685.62 1 0
github.com/poyrazK/cloudDNS/internal/dns/packet/packet.go:686.3,686.73 1 1
github.com/poyrazK/cloudDNS/internal/dns/packet/packet.go:686.73,686.90 1 0
github.com/poyrazK/cloudDNS/internal/dns/packet/packet.go:687.3,687.46 1 1
github.com/poyrazK/cloudDNS/internal/dns/packet/packet.go:687.46,687.63 1 0
github.com/poyrazK/cloudDNS/internal/dns/packet/packet.go:688.11,690.44 2 1
github.com/poyrazK/cloudDNS/internal/dns/packet/packet.go:690.44,690.61 1 0
github.com/poyrazK/cloudDNS/internal/dns/packet/packet.go:691.3,691.53 1 1
github.com/poyrazK/cloudDNS/internal/dns/packet/packet.go:691.53,691.70 1 0
github.com/poyrazK/cloudDNS/internal/dns/packet/packet.go:692.3,692.51 1 1
github.com/poyrazK/cloudDNS/internal/dns/packet/packet.go:692.51,692.68 1 0
github.com/poyrazK/cloudDNS/internal/dns/packet/packet.go:693.3,693.49 1 1
github.com/poyrazK/cloudDNS/internal/dns/packet/packet.go:693.49,693.66 1 0
github.com/poyrazK/cloudDNS/internal/dns/packet/packet.go:694.3,694.50 1 1
github.com/poyrazK/cloudDNS/internal/dns/packet/packet.go:694.50,694.67 1 0
github.com/poyrazK/cloudDNS/internal/dns/packet/packet.go:695.3,696.45 2 1
github.com/poyrazK/cloudDNS/internal/dns/packet/packet.go:696.45,696.62 1 0
github.com/poyrazK/cloudDNS/internal/dns/packet/packet.go:697.3,697.73 1 1
github.com/poyrazK/cloudDNS/internal/dns/packet/packet.go:697.73,697.90 1 0
github.com/poyrazK/cloudDNS/internal/dns/packet/packet.go:698.3,698.46 1 1
github.com/poyrazK/cloudDNS/internal/dns/packet/packet.go:698.46,698.63 1 0
github.com/poyrazK/cloudDNS/internal/dns/packet/packet.go:699.11,700.65 1 1
github.com/poyrazK/cloudDNS/internal/dns/packet/packet.go:700.65,700.82 1 0
github.com/poyrazK/cloudDNS/internal/dns/packet/packet.go:701.3,701.56 1 1
github.com/poyrazK/cloudDNS/internal/dns/packet/packet.go:701.56,701.73 1 0
github.com/poyrazK/cloudDNS/internal/dns/packet/packet.go:702.3,702.35 1 1
github.com/poyrazK/cloudDNS/internal/dns/packet/packet.go:702.35,703.49 1 1
github.com/poyrazK/cloudDNS/internal/dns/packet/packet.go:703.49,703.66 1 0
github.com/poyrazK/cloudDNS/internal/dns/packet/packet.go:705.11,707.44 2 1
github.com/poyrazK/cloudDNS/internal/dns/packet/packet.go:707.44,707.61 1 0
github.com/poyrazK/cloudDNS/internal/dns/packet/packet.go:708.3,708.51 1 1
github.com/poyrazK/cloudDNS/internal/dns/packet/packet.go:708.51,708.68 1 0
github.com/poyrazK/cloudDNS/internal/dns/packet/packet.go:709.3,709.51 1 1
github.com/poyrazK/cloudDNS/internal/dns/packet/packet.go:709.51,709.68 1 0
github.com/poyrazK/cloudDNS/internal/dns/packet/packet.go:710.3,710.51 1 1
github.com/poyrazK/cloudDNS/internal/dns/packet/packet.go:710.51,710.68 1 0
github.com/poyrazK/cloudDNS/internal/dns/packet/packet.go:711.3,711.52 1 1
github.com/poyrazK/cloudDNS/internal/dns/packet/packet.go:711.52,711.69 1 0
github.com/poyrazK/cloudDNS/internal/dns/packet/packet.go:712.3,712.50 1 1
github.com/poyrazK/cloudDNS/internal/dns/packet/packet.go:712.50,712.67 1 0
github.com/poyrazK/cloudDNS/internal/dns/packet/packet.go:713.3,713.51 1 1
github.com/poyrazK/cloudDNS/internal/dns/packet/packet.go:713.51,713.68 1 0
github.com/poyrazK/cloudDNS/internal/dns/packet/packet.go:714.3,714.52 1 1
github.com/poyrazK/cloudDNS/internal/dns/packet/packet.go:714.52,714.69 1 0
github.com/poyrazK/cloudDNS/internal/dns/packet/packet.go:715.3,716.45 2 1
github.com/poyrazK/cloudDNS/internal/dns/packet/packet.go:716.45,716.62 1 0
github.com/poyrazK/cloudDNS/internal/dns/packet/packet.go:717.3,717.73 1 1
github.com/poyrazK/cloudDNS/internal/dns/packet/packet.go:717.73,717.90 1 0
github.com/poyrazK/cloudDNS/internal/dns/packet/packet.go:718.3,718.46 1 1
github.com/poyrazK/cloudDNS/internal/dns/packet/packet.go:718.46,718.63 1 0
github.com/poyrazK/cloudDNS/internal/dns/packet/packet.go:719.13,720.77 1 1
github.com/poyrazK/cloudDNS/internal/dns/packet/packet.go:720.77,720.94 1 0
github.com/poyrazK/cloudDNS/internal/dns/packet/packet.go:721.3,721.56 1 1
github.com/poyrazK/cloudDNS/internal/dns/packet/packet.go:721.56,721.73 1 0
github.com/poyrazK/cloudDNS/internal/dns/packet/packet.go:722.3,722.35 1 1
github.com/poyrazK/cloudDNS/internal/dns/packet/packet.go:722.35,723.49 1 1
github.com/poyrazK/cloudDNS/internal/dns/packet/packet.go:723.49,723.66 1 0
github.com/poyrazK/cloudDNS/internal/dns/packet/packet.go:725.3,725.55 1 1
github.com/poyrazK/cloudDNS/internal/dns/packet/packet.go:725.55,725.72 1 0
github.com/poyrazK/cloudDNS/internal/dns/packet/packet.go:726.3,726.34 1 1
github.com/poyrazK/cloudDNS/internal/dns/packet/packet.go:726.34,727.48 1 1
github.com/poyrazK/cloudDNS/internal/dns/packet/packet.go:727.48,727.65 1 0
github.com/poyrazK/cloudDNS/internal/dns/packet/packet.go:729.13,731.44 2 1
github.com/poyrazK/cloudDNS/internal/dns/packet/packet.go:731.44,731.61 1 0
github.com/poyrazK/cloudDNS/internal/dns/packet/packet.go:732.3,732.53 1 1
github.com/poyrazK/cloudDNS/internal/dns/packet/packet.go:732.53,732.70 1 0
github.com/poyrazK/cloudDNS/internal/dns/packet/packet.go:733.3,733.53 1 1
github.com/poyrazK/cloudDNS/internal/dns/packet/packet.go:733.53,733.70 1 0
github.com/poyrazK/cloudDNS/internal/dns/packet/packet.go:734.3,735.45 2 1
github.com/poyrazK/cloudDNS/internal/dns/packet/packet.go:735.45,735.62 1 0
github.com/poyrazK/cloudDNS/internal/dns/packet/packet.go:736.3,736.73 1 1
github.com/poyrazK/cloudDNS/internal/dns/packet/packet.go:736.73,736.90 1 0
github.com/poyrazK/cloudDNS/internal/dns/packet/packet.go:737.3,737.46 1 1
github.com/poyrazK/cloudDNS/internal/dns/packet/packet.go:737.46,737.63 1 0
github.com/poyrazK/cloudDNS/internal/dns/packet/packet.go:738.12,740.44 2 1
github.com/poyrazK/cloudDNS/internal/dns/packet/packet.go:740.44,740.61 1 0
github.com/poyrazK/cloudDNS/internal/dns/packet/packet.go:741.3,741.54 1 1
github.com/poyrazK/cloudDNS/internal/dns/packet/packet.go:741.54,741.71 1 0
github.com/poyrazK/cloudDNS/internal/dns/packet/packet.go:742.3,742.34 1 1
github.com/poyrazK/cloudDNS/internal/dns/packet/packet.go:742.34,743.42 1 1
github.com/poyrazK/cloudDNS/internal/dns/packet/packet.go:743.42,743.59 1 0
github.com/poyrazK/cloudDNS/internal/dns/packet/packet.go:745.3,746.45 2 1
github.com/poyrazK/cloudDNS/internal/dns/packet/packet.go:746.45,746.62 1 0
github.com/poyrazK/cloudDNS/internal/dns/packet/packet.go:747.3,747.73 1 1
github.com/poyrazK/cloudDNS/internal/dns/packet/packet.go:747.73,747.90 1 0
github.com/poyrazK/cloudDNS/internal/dns/packet/packet.go:748.3,748.46 1 1
github.com/poyrazK/cloudDNS/internal/dns/packet/packet.go:748.46,748.63 1 0
github.com/poyrazK/cloudDNS/internal/dns/packet/packet.go:749.14,750.71 1 1
github.com/poyrazK/cloudDNS/internal/dns/packet/packet.go:750.71,750.88 1 0
github.com/poyrazK/cloudDNS/internal/dns/packet/packet.go:751.3,751.50 1 1
github.com/poyrazK/cloudDNS/internal/dns/packet/packet.go:751.50,751.67 1 0
github.com/poyrazK/cloudDNS/internal/dns/packet/packet.go:752.3,752.41 1 1
github.com/poyrazK/cloudDNS/internal/dns/packet/packet.go:752.41,752.58 1 0
github.com/poyrazK/cloudDNS/internal/dns/packet/packet.go:753.3,753.51 1 1
github.com/poyrazK/cloudDNS/internal/dns/packet/packet.go:753.51,753.68 1 0
github.com/poyrazK/cloudDNS/internal/dns/packet/packet.go:754.3,754.33 1 1
github.com/poyrazK/cloudDNS/internal/dns/packet/packet.go:754.33,755.42 1 1
github.com/poyrazK/cloudDNS/internal/dns/packet/packet.go:755.42,755.59 1 0
github.com/poyrazK/cloudDNS/internal/dns/packet/packet.go:757.13,759.44 2 1
github.com/poyrazK/cloudDNS/internal/dns/packet/packet.go:759.44,759.61 1 0
github.com/poyrazK/cloudDNS/internal/dns/packet/packet.go:760.3,760.56 1 1
github.com/poyrazK/cloudDNS/internal/dns/packet/packet.go:760.56,760.73 1 0
github.com/poyrazK/cloudDNS/internal/dns/packet/packet.go:761.3,761.51 1 1
github.com/poyrazK/cloudDNS/internal/dns/packet/packet.go:761.51,761.68 1 0
github.com/poyrazK/cloudDNS/internal/dns/packet/packet.go:762.3,762.48 1 1
github.com/poyrazK/cloudDNS/internal/dns/packet/packet.go:762.48,762.65 1 0
github.com/poyrazK/cloudDNS/internal/dns/packet/packet.go:763.3,763.52 1 1
github.com/poyrazK/cloudDNS/internal/dns/packet/packet.go:763.52,763.69 1 0
github.com/poyrazK/cloudDNS/internal/dns/packet/packet.go:764.3,764.55 1 1
github.com/poyrazK/cloudDNS/internal/dns/packet/packet.go:764.55,764.72 1 0
github.com/poyrazK/cloudDNS/internal/dns/packet/packet.go:765.3,765.54 1 1
github.com/poyrazK/cloudDNS/internal/dns/packet/packet.go:765.54,765.71 1 0
github.com/poyrazK/cloudDNS/internal/dns/packet/packet.go:766.3,766.51 1 1
github.com/poyrazK/cloudDNS/internal/dns/packet/packet.go:766.51,766.68 1 0
github.com/poyrazK/cloudDNS/internal/dns/packet/packet.go:767.3,767.56 1 1
github.com/poyrazK/cloudDNS/internal/dns/packet/packet.go:767.56,767.73 1 0
github.com/poyrazK/cloudDNS/internal/dns/packet/packet.go:768.3,768.33 1 1
github.com/poyrazK/cloudDNS/internal/dns/packet/packet.go:768.33,769.42 1 1
github.com/poyrazK/cloudDNS/internal/dns/packet/packet.go:769.42,769.59 1 0
github.com/poyrazK/cloudDNS/internal/dns/packet/packet.go:771.3,772.45 2 1
github.com/poyrazK/cloudDNS/internal/dns/packet/packet.go:772.45,772.62 1 0
github.com/poyrazK/cloudDNS/internal/dns/packet/packet.go:773.3,773.73 1 1
github.com/poyrazK/cloudDNS/internal/dns/packet/packet.go:773.73,773.90 1 0
github.com/poyrazK/cloudDNS/internal/dns/packet/packet.go:774.3,774.46 1 1
github.com/poyrazK/cloudDNS/internal/dns/packet/packet.go:774.46,774.63 1 0
github.com/poyrazK/cloudDNS/internal/dns/packet/packet.go:775.13,777.44 2 1
github.com/poyrazK/cloudDNS/internal/dns/packet/packet.go:777.44,777.61 1 0
github.com/poyrazK/cloudDNS/internal/dns/packet/packet.go:778.3,778.49 1 1
github.com/poyrazK/cloudDNS/internal/dns/packet/packet.go:778.49,778.66 1 0
github.com/poyrazK/cloudDNS/internal/dns/packet/packet.go:779.3,779.54 1 1
github.com/poyrazK/cloudDNS/internal/dns/packet/packet.go:779.54,779.71 1 0
github.com/poyrazK/cloudDNS/internal/dns/packet/packet.go:780.3,780.55 1 1
github.com/poyrazK/cloudDNS/internal/dns/packet/packet.go:780.55,780.72 1 0
github.com/poyrazK/cloudDNS/internal/dns/packet/packet.go:781.3,781.58 1 1
github.com/poyrazK/cloudDNS/internal/dns/packet/packet.go:781.58,781.75 1 0
github.com/poyrazK/cloudDNS/internal/dns/packet/packet.go:782.3,782.28 1 1
github.com/poyrazK/cloudDNS/internal/dns/packet/packet.go:782.28,783.42 1 1
github.com/poyrazK/cloudDNS/internal/dns/packet/packet.go:783.42,783.59 1 0
github.com/poyrazK/cloudDNS/internal/dns/packet/packet.go:785.3,785.62 1 1
github.com/poyrazK/cloudDNS/internal/dns/packet/packet.go:785.62,785.79 1 0
github.com/poyrazK/cloudDNS/internal/dns/packet/packet.go:786.3,786.32 1 1
github.com/poyrazK/cloudDNS/internal/dns/packet/packet.go:786.32,787.42 1 1
github.com/poyrazK/cloudDNS/internal/dns/packet/packet.go:787.42,787.59 1 0
github.com/poyrazK/cloudDNS/internal/dns/packet/packet.go:789.3,789.34 1 1
github.com/poyrazK/cloudDNS/internal/dns/packet/packet.go:789.34,790.42 1 1
github.com/poyrazK/cloudDNS/internal/dns/packet/packet.go:790.42,790.59 1 0
github.com/poyrazK/cloudDNS/internal/dns/packet/packet.go:792.3,793.45 2 1
github.com/poyrazK/cloudDNS/internal/dns/packet/packet.go:793.45,793.62 1 0
github.com/poyrazK/cloudDNS/internal/dns/packet/packet.go:794.3,794.73 1 1
github.com/poyrazK/cloudDNS/internal/dns/packet/packet.go:794.73,794.90 1 0
github.com/poyrazK/cloudDNS/internal/dns/packet/packet.go:795.3,795.46 1 1
github.com/poyrazK/cloudDNS/internal/dns/packet/packet.go:795.46,795.63 1 0
github.com/poyrazK/cloudDNS/internal/dns/packet/packet.go:796.18,798.44 2 1
github.com/poyrazK/cloudDNS/internal/dns/packet/packet.go:798.44,798.61 1 0
github.com/poyrazK/cloudDNS/internal/dns/packet/packet.go:799.3,799.49 1 1
github.com/poyrazK/cloudDNS/internal/dns/packet/packet.go:799.49,799.66 1 0
github.com/poyrazK/cloudDNS/internal/dns/packet/packet.go:800.3,800.54 1 1
github.com/poyrazK/cloudDNS/internal/dns/packet/packet.go:800.54,800.71 1 0
github.com/poyrazK/cloudDNS/internal/dns/packet/packet.go:801.3,801.55 1 1
github.com/poyrazK/cloudDNS/internal/dns/packet/packet.go:801.55,801.72 1 0
github.com/poyrazK/cloudDNS/internal/dns/packet/packet.go:802.3,802.58 1 1
github.com/poyrazK/cloudDNS/internal/dns/packet/packet.go:802.58,802.75 1 0
github.com/poyrazK/cloudDNS/internal/dns/packet/packet.go:803.3,803.28 1 1
github.com/poyrazK/cloudDNS/internal/dns/packet/packet.go:803.28,804.42 1 1
github.com/poyrazK/cloudDNS/internal/dns/packet/packet.go:804.42,804.59 1 0
github.com/poyrazK/cloudDNS/internal/dns/packet/packet.go:806.3,807.45 2 1
github.com/poyrazK/cloudDNS/internal/dns/packet/packet.go:807.45,807.62 1 0
github.com/poyrazK/cloudDNS/internal/dns/packet/packet.go:808.3,808.73 1 1
github.com/poyrazK/cloudDNS/internal/dns/packet/packet.go:808.73,808.90 1 0
github.com/poyrazK/cloudDNS/internal/dns/packet/packet.go:809.3,809.46 1 1
github.com/poyrazK/cloudDNS/internal/dns/packet/packet.go:809.46,809.63 1 0
github.com/poyrazK/cloudDNS/internal/dns/packet/packet.go:810.10,811.68 1 1
github.com/poyrazK/cloudDNS/internal/dns/packet/packet.go:811.68,811.85 1 0
github.com/poyrazK/cloudDNS/internal/dns/packet/packet.go:812.3,812.51 1 1
github.com/poyrazK/cloudDNS/internal/dns/packet/packet.go:812.51,812.68 1 0
github.com/poyrazK/cloudDNS/internal/dns/packet/packet.go:813.3,813.51 1 1
github.com/poyrazK/cloudDNS/internal/dns/packet/packet.go:813.51,813.68 1 0
github.com/poyrazK/cloudDNS/internal/dns/packet/packet.go:814.3,814.52 1 1
github.com/poyrazK/cloudDNS/internal/dns/packet/packet.go:814.52,814.69 1 0
github.com/poyrazK/cloudDNS/internal/dns/packet/packet.go:815.3,815.30 1 1
github.com/poyrazK/cloudDNS/internal/dns/packet/packet.go:815.30,816.42 1 1
github.com/poyrazK/cloudDNS/internal/dns/packet/packet.go:816.42,816.59 1 0
github.com/poyrazK/cloudDNS/internal/dns/packet/packet.go:818.10,820.61 1 1
github.com/poyrazK/cloudDNS/internal/dns/packet/packet.go:820.61,821.45 1 0
github.com/poyrazK/cloudDNS/internal/dns/packet/packet.go:821.45,821.62 1 0
github.com/poyrazK/cloudDNS/internal/dns/packet/packet.go:822.9,823.63 1 1
github.com/poyrazK/cloudDNS/internal/dns/packet/packet.go:823.63,823.80 1 0
github.com/poyrazK/cloudDNS/internal/dns/packet/packet.go:824.4,824.29 1 1
github.com/poyrazK/cloudDNS/internal/dns/packet/packet.go:824.29,825.43 1 1
github.com/poyrazK/cloudDNS/internal/dns/packet/packet.go:825.43,825.60 1 0
github.com/poyrazK/cloudDNS/internal/dns/packet/packet.go:830.2,830.42 1 1
github.com/poyrazK/cloudDNS/internal/dns/packet/packet.go:844.32,853.2 1 1
github.com/poyrazK/cloudDNS/internal/dns/packet/packet.go:856.64,857.46 1 1
github.com/poyrazK/cloudDNS/internal/dns/packet/packet.go:857.46,857.60 1 1
github.com/poyrazK/cloudDNS/internal/dns/packet/packet.go:858.2,858.47 1 1
github.com/poyrazK/cloudDNS/internal/dns/packet/packet.go:858.47,860.40 2 1
github.com/poyrazK/cloudDNS/internal/dns/packet/packet.go:860.40,860.54 1 0
github.com/poyrazK/cloudDNS/internal/dns/packet/packet.go:861.3,861.39 1 1
github.com/poyrazK/cloudDNS/internal/dns/packet/packet.go:863.2,863.45 1 1
github.com/poyrazK/cloudDNS/internal/dns/packet/packet.go:863.45,865.40 2 1
github.com/poyrazK/cloudDNS/internal/dns/packet/packet.go:865.40,865.54 1 0
github.com/poyrazK/cloudDNS/internal/dns/packet/packet.go:866.3,866.35 1 1
github.com/poyrazK/cloudDNS/internal/dns/packet/packet.go:868.2,868.58 1 1
github.com/poyrazK/cloudDNS/internal/dns/packet/packet.go:868.58,870.40 2 1
github.com/poyrazK/cloudDNS/internal/dns/packet/packet.go:870.40,870.54 1 0
github.com/poyrazK/cloudDNS/internal/dns/packet/packet.go:871.3,871.43 1 1
github.com/poyrazK/cloudDNS/internal/dns/packet/packet.go:873.2,873.53 1 1
github.com/poyrazK/cloudDNS/internal/dns/packet/packet.go:873.53,876.40 3 1
github.com/poyrazK/cloudDNS/internal/dns/packet/packet.go:876.40,876.54 1 0
github.com/poyrazK/cloudDNS/internal/dns/packet/packet.go:877.3,877.21 1 1
github.com/poyrazK/cloudDNS/internal/dns/packet/packet.go:877.21,879.4 1 1
github.com/poyrazK/cloudDNS/internal/dns/packet/packet.go:880.3,880.39 1 1
github.com/poyrazK/cloudDNS/internal/dns/packet/packet.go:882.2,882.12 1 1
github.com/poyrazK/cloudDNS/internal/dns/packet/packet.go:886.59,892.47 5 1
github.com/poyrazK/cloudDNS/internal/dns/packet/packet.go:892.47,892.61 1 0
github.com/poyrazK/cloudDNS/internal/dns/packet/packet.go:893.2,893.32 1 1
github.com/poyrazK/cloudDNS/internal/dns/packet/packet.go:893.32,894.41 1 1
github.com/poyrazK/cloudDNS/internal/dns/packet/packet.go:894.41,894.55 1 0
github.com/poyrazK/cloudDNS/internal/dns/packet/packet.go:896.2,896.30 1 1
github.com/poyrazK/cloudDNS/internal/dns/packet/packet.go:896.30,897.44 1 1
github.com/poyrazK/cloudDNS/internal/dns/packet/packet.go:897.44,897.58 1 0
github.com/poyrazK/cloudDNS/internal/dns/packet/packet.go:899.2,899.34 1 1
github.com/poyrazK/cloudDNS/internal/dns/packet/packet.go:899.34,900.44 1 1
github.com/poyrazK/cloudDNS/internal/dns/packet/packet.go:900.44,900.58 1 0
github.com/poyrazK/cloudDNS/internal/dns/packet/packet.go:902.2,902.32 1 1
github.com/poyrazK/cloudDNS/internal/dns/packet/packet.go:902.32,903.44 1 1
github.com/poyrazK/cloudDNS/internal/dns/packet/packet.go:903.44,903.58 1 1
github.com/poyrazK/cloudDNS/internal/dns/packet/packet.go:905.2,905.12 1 1
github.com/poyrazK/cloudDNS/internal/dns/packet/tsig.go:13.86,15.27 1 1
github.com/poyrazK/cloudDNS/internal/dns/packet/tsig.go:15.27,17.3 1 1
github.com/poyrazK/cloudDNS/internal/dns/packet/tsig.go:18.2,19.23 2 1
github.com/poyrazK/cloudDNS/internal/dns/packet/tsig.go:19.23,21.3 1 1
github.com/poyrazK/cloudDNS/internal/dns/packet/tsig.go:24.2,26.18 3 1
github.com/poyrazK/cloudDNS/internal/dns/packet/tsig.go:26.18,28.3 1 1
github.com/poyrazK/cloudDNS/internal/dns/packet/tsig.go:29.2,30.27 2 1
github.com/poyrazK/cloudDNS/internal/dns/packet/tsig.go:30.27,32.3 1 1
github.com/poyrazK/cloudDNS/internal/dns/packet/tsig.go:32.8,34.3 1 1
github.com/poyrazK/cloudDNS/internal/dns/packet/tsig.go:35.2,35.32 1 1
github.com/poyrazK/cloudDNS/internal/dns/packet/tsig.go:35.32,37.3 1 1
github.com/poyrazK/cloudDNS/internal/dns/packet/tsig.go:40.2,46.23 4 1
github.com/poyrazK/cloudDNS/internal/dns/packet/tsig.go:46.23,50.3 3 1
github.com/poyrazK/cloudDNS/internal/dns/packet/tsig.go:51.2,56.50 3 1
github.com/poyrazK/cloudDNS/internal/dns/packet/tsig.go:56.50,56.64 1 0
github.com/poyrazK/cloudDNS/internal/dns/packet/tsig.go:57.2,57.50 1 1
github.com/poyrazK/cloudDNS/internal/dns/packet/tsig.go:57.50,57.64 1 0
github.com/poyrazK/cloudDNS/internal/dns/packet/tsig.go:58.2,58.48 1 1
github.com/poyrazK/cloudDNS/internal/dns/packet/tsig.go:58.48,58.62 1 0
github.com/poyrazK/cloudDNS/internal/dns/packet/tsig.go:59.2,59.59 1 1
github.com/poyrazK/cloudDNS/internal/dns/packet/tsig.go:59.59,59.73 1 0
github.com/poyrazK/cloudDNS/internal/dns/packet/tsig.go:60.2,60.69 1 1
github.com/poyrazK/cloudDNS/internal/dns/packet/tsig.go:60.69,60.83 1 0
github.com/poyrazK/cloudDNS/internal/dns/packet/tsig.go:61.2,61.76 1 1
github.com/poyrazK/cloudDNS/internal/dns/packet/tsig.go:61.76,61.90 1 0
github.com/poyrazK/cloudDNS/internal/dns/packet/tsig.go:62.2,62.50 1 1
github.com/poyrazK/cloudDNS/internal/dns/packet/tsig.go:62.50,62.64 1 0
github.com/poyrazK/cloudDNS/internal/dns/packet/tsig.go:63.2,63.50 1 1
github.com/poyrazK/cloudDNS/internal/dns/packet/tsig.go:63.50,63.64 1 0
github.com/poyrazK/cloudDNS/internal/dns/packet/tsig.go:64.2,64.63 1 1
github.com/poyrazK/cloudDNS/internal/dns/packet/tsig.go:64.63,64.77 1 0
github.com/poyrazK/cloudDNS/internal/dns/packet/tsig.go:65.2,65.69 1 1
github.com/poyrazK/cloudDNS/internal/dns/packet/tsig.go:65.69,65.83 1 0
github.com/poyrazK/cloudDNS/internal/dns/packet/tsig.go:67.2,70.40 3 1
github.com/poyrazK/cloudDNS/internal/dns/packet/tsig.go:70.40,72.3 1 1
github.com/poyrazK/cloudDNS/internal/dns/packet/tsig.go:74.2,74.12 1 1
github.com/poyrazK/cloudDNS/internal/dns/packet/tsig.go:79.93,87.33 1 1
github.com/poyrazK/cloudDNS/internal/dns/packet/tsig.go:87.33,87.68 2 1
github.com/poyrazK/cloudDNS/internal/dns/packet/tsig.go:87.68,87.80 1 0
github.com/poyrazK/cloudDNS/internal/dns/packet/tsig.go:87.82,87.98 1 1
github.com/poyrazK/cloudDNS/internal/dns/packet/tsig.go:93.2,100.50 4 1
github.com/poyrazK/cloudDNS/internal/dns/packet/tsig.go:100.50,100.64 1 0
github.com/poyrazK/cloudDNS/internal/dns/packet/tsig.go:101.2,101.50 1 1
github.com/poyrazK/cloudDNS/internal/dns/packet/tsig.go:101.50,101.64 1 0
github.com/poyrazK/cloudDNS/internal/dns/packet/tsig.go:102.2,102.48 1 1
github.com/poyrazK/cloudDNS/internal/dns/packet/tsig.go:102.48,102.62 1 0
github.com/poyrazK/cloudDNS/internal/dns/packet/tsig.go:103.2,103.59 1 1
github.com/poyrazK/cloudDNS/internal/dns/packet/tsig.go:103.59,103.73 1 0
github.com/poyrazK/cloudDNS/internal/dns/packet/tsig.go:104.2,104.69 1 1
github.com/poyrazK/cloudDNS/internal/dns/packet/tsig.go:104.69,104.83 1 0
github.com/poyrazK/cloudDNS/internal/dns/packet/tsig.go:105.2,105.76 1 1
github.com/poyrazK/cloudDNS/internal/dns/packet/tsig.go:105.76,105.90 1 0
github.com/poyrazK/cloudDNS/internal/dns/packet/tsig.go:106.2,106.50 1 1
github.com/poyrazK/cloudDNS/internal/dns/packet/tsig.go:106.50,106.64 1 0
github.com/poyrazK/cloudDNS/internal/dns/packet/tsig.go:107.2,107.50 1 1
github.com/poyrazK/cloudDNS/internal/dns/packet/tsig.go:107.50,107.64 1 0
github.com/poyrazK/cloudDNS/internal/dns/packet/tsig.go:108.2,108.63 1 1
github.com/poyrazK/cloudDNS/internal/dns/packet/tsig.go:108.63,108.77 1 0
github.com/poyrazK/cloudDNS/internal/dns/packet/tsig.go:109.2,109.69 1 1
github.com/poyrazK/cloudDNS/internal/dns/packet/tsig.go:109.69,109.83 1 0
github.com/poyrazK/cloudDNS/internal/dns/packet/tsig.go:111.2,120.27 5 1
github.com/poyrazK/cloudDNS/internal/dns/packet/tsig.go:120.27,123.3 2 1
github.com/poyrazK/cloudDNS/internal/dns/packet/tsig.go:126.2,128.12 3 1
