mode: set
github.com/poyrazK/cloudDNS/internal/adapters/routing/gobgp.go:38.57,39.19 1 1
github.com/poyrazK/cloudDNS/internal/adapters/routing/gobgp.go:39.19,41.3 1 1
github.com/poyrazK/cloudDNS/internal/adapters/routing/gobgp.go:42.2,48.3 1 1
github.com/poyrazK/cloudDNS/internal/adapters/routing/gobgp.go:52.85,53.20 1 1
github.com/poyrazK/cloudDNS/internal/adapters/routing/gobgp.go:53.20,55.3 1 1
github.com/poyrazK/cloudDNS/internal/adapters/routing/gobgp.go:56.2,56.21 1 1
github.com/poyrazK/cloudDNS/internal/adapters/routing/gobgp.go:56.21,58.3 1 1
github.com/poyrazK/cloudDNS/internal/adapters/routing/gobgp.go:59.2,59.19 1 1
github.com/poyrazK/cloudDNS/internal/adapters/routing/gobgp.go:59.19,61.3 1 1
github.com/poyrazK/cloudDNS/internal/adapters/routing/gobgp.go:65.98,68.12 2 1
github.com/poyrazK/cloudDNS/internal/adapters/routing/gobgp.go:68.12,69.16 1 1
github.com/poyrazK/cloudDNS/internal/adapters/routing/gobgp.go:69.16,70.32 1 1
github.com/poyrazK/cloudDNS/internal/adapters/routing/gobgp.go:70.32,72.5 1 0
github.com/poyrazK/cloudDNS/internal/adapters/routing/gobgp.go:74.3,74.22 1 1
github.com/poyrazK/cloudDNS/internal/adapters/routing/gobgp.go:78.2,83.87 2 1
github.com/poyrazK/cloudDNS/internal/adapters/routing/gobgp.go:83.87,86.3 2 1
github.com/poyrazK/cloudDNS/internal/adapters/routing/gobgp.go:89.2,95.81 2 1
github.com/poyrazK/cloudDNS/internal/adapters/routing/gobgp.go:95.81,98.3 2 1
github.com/poyrazK/cloudDNS/internal/adapters/routing/gobgp.go:100.2,100.12 1 1
github.com/poyrazK/cloudDNS/internal/adapters/routing/gobgp.go:104.70,105.24 1 1
github.com/poyrazK/cloudDNS/internal/adapters/routing/gobgp.go:105.24,107.3 1 1
github.com/poyrazK/cloudDNS/internal/adapters/routing/gobgp.go:109.2,113.16 3 1
github.com/poyrazK/cloudDNS/internal/adapters/routing/gobgp.go:113.16,115.3 1 1
github.com/poyrazK/cloudDNS/internal/adapters/routing/gobgp.go:116.2,117.16 2 1
github.com/poyrazK/cloudDNS/internal/adapters/routing/gobgp.go:117.16,119.3 1 0
github.com/poyrazK/cloudDNS/internal/adapters/routing/gobgp.go:121.2,126.14 3 1
github.com/poyrazK/cloudDNS/internal/adapters/routing/gobgp.go:126.14,128.3 1 1
github.com/poyrazK/cloudDNS/internal/adapters/routing/gobgp.go:129.2,129.50 1 1
github.com/poyrazK/cloudDNS/internal/adapters/routing/gobgp.go:129.50,131.19 2 0
github.com/poyrazK/cloudDNS/internal/adapters/routing/gobgp.go:131.19,133.4 1 0
github.com/poyrazK/cloudDNS/internal/adapters/routing/gobgp.go:136.2,146.52 3 1
github.com/poyrazK/cloudDNS/internal/adapters/routing/gobgp.go:146.52,148.3 1 1
github.com/poyrazK/cloudDNS/internal/adapters/routing/gobgp.go:150.2,150.12 1 1
github.com/poyrazK/cloudDNS/internal/adapters/routing/gobgp.go:154.70,155.24 1 1
github.com/poyrazK/cloudDNS/internal/adapters/routing/gobgp.go:155.24,157.3 1 1
github.com/poyrazK/cloudDNS/internal/adapters/routing/gobgp.go:159.2,162.16 3 1
github.com/poyrazK/cloudDNS/internal/adapters/routing/gobgp.go:162.16,164.3 1 1
github.com/poyrazK/cloudDNS/internal/adapters/routing/gobgp.go:165.2,166.16 2 1
github.com/poyrazK/cloudDNS/internal/adapters/routing/gobgp.go:166.16,168.3 1 0
github.com/poyrazK/cloudDNS/internal/adapters/routing/gobgp.go:170.2,179.52 2 1
github.com/poyrazK/cloudDNS/internal/adapters/routing/gobgp.go:179.52,181.3 1 1
github.com/poyrazK/cloudDNS/internal/adapters/routing/gobgp.go:183.2,183.12 1 1
github.com/poyrazK/cloudDNS/internal/adapters/routing/gobgp.go:187.37,188.24 1 1
github.com/poyrazK/cloudDNS/internal/adapters/routing/gobgp.go:188.24,190.3 1 1
github.com/poyrazK/cloudDNS/internal/adapters/routing/gobgp.go:191.2,191.12 1 1
github.com/poyrazK/cloudDNS/internal/adapters/routing/system_vip.go:22.65,23.19 1 1
github.com/poyrazK/cloudDNS/internal/adapters/routing/system_vip.go:23.19,25.3 1 1
github.com/poyrazK/cloudDNS/internal/adapters/routing/system_vip.go:26.2,26.42 1 1
github.com/poyrazK/cloudDNS/internal/adapters/routing/system_vip.go:30.79,31.29 1 1
github.com/poyrazK/cloudDNS/internal/adapters/routing/system_vip.go:31.29,33.3 1 1
github.com/poyrazK/cloudDNS/internal/adapters/routing/system_vip.go:34.2,34.17 1 1
github.com/poyrazK/cloudDNS/internal/adapters/routing/system_vip.go:34.17,36.3 1 1
github.com/poyrazK/cloudDNS/internal/adapters/routing/system_vip.go:38.2,39.22 2 0
github.com/poyrazK/cloudDNS/internal/adapters/routing/system_vip.go:40.15,43.79 1 0
github.com/poyrazK/cloudDNS/internal/adapters/routing/system_vip.go:44.16,47.85 1 0
github.com/poyrazK/cloudDNS/internal/adapters/routing/system_vip.go:48.10,49.75 1 0
github.com/poyrazK/cloudDNS/internal/adapters/routing/system_vip.go:52.2,53.16 2 0
github.com/poyrazK/cloudDNS/internal/adapters/routing/system_vip.go:53.16,56.91 2 0
github.com/poyrazK/cloudDNS/internal/adapters/routing/system_vip.go:56.91,59.4 2 0
github.com/poyrazK/cloudDNS/internal/adapters/routing/system_vip.go:60.3,61.72 2 0
github.com/poyrazK/cloudDNS/internal/adapters/routing/system_vip.go:64.2,65.12 2 0
github.com/poyrazK/cloudDNS/internal/adapters/routing/system_vip.go:69.81,70.29 1 1
github.com/poyrazK/cloudDNS/internal/adapters/routing/system_vip.go:70.29,72.3 1 1
github.com/poyrazK/cloudDNS/internal/adapters/routing/system_vip.go:73.2,73.17 1 1
github.com/poyrazK/cloudDNS/internal/adapters/routing/system_vip.go:73.17,75.3 1 1
github.com/poyrazK/cloudDNS/internal/adapters/routing/system_vip.go:77.2,78.22 2 0
github.com/poyrazK/cloudDNS/internal/adapters/routing/system_vip.go:79.15,81.79 1 0
github.com/poyrazK/cloudDNS/internal/adapters/routing/system_vip.go:82.16,84.67 1 0
github.com/poyrazK/cloudDNS/internal/adapters/routing/system_vip.go:85.10,86.33 1 0
github.com/poyrazK/cloudDNS/internal/adapters/routing/system_vip.go:89.2,90.16 2 0
github.com/poyrazK/cloudDNS/internal/adapters/routing/system_vip.go:90.16,96.3 3 0
github.com/poyrazK/cloudDNS/internal/adapters/routing/system_vip.go:98.2,99.12 2 0
github.com/poyrazK/cloudDNS/internal/adapters/routing/system_vip.go:102.56,104.2 1 1
